2017-10-03 19:53:01 INFO  TestBase:134 - navigating to :-file:///Users/bsingh5/git/POMWithPageFactoryFramework/project/demoSite.htm
2017-10-03 19:53:04 INFO  TC001_VerifyLoginWithInvalidCredentailsToAutoMationPractices:27 - =========== Starting verifyLoginWithInvalidCredentails Test=============
2017-10-03 19:53:04 INFO  TestBase:285 - browser closed
2017-10-07 13:40:15 INFO  TestBase:134 - navigating to :-http://automationpractice.com/index.php
2017-10-07 13:40:17 INFO  TC002_VerifyRegistration:35 - =======started verifyRegistration Test===========
2017-10-07 13:40:18 INFO  TC002_VerifyRegistration:47 - org.openqa.selenium.NoSuchElementException: no such element: Unable to locate element: {"method":"id","selector":"PreviewFrame"}
  (Session info: chrome=61.0.3163.100)
  (Driver info: chromedriver=2.28.455520 (cc17746adff54984afff480136733114c6b3704b),platform=Windows NT 6.3.9600 x86_64) (WARNING: The server did not provide any stacktrace information)
Command duration or timeout: 266 milliseconds
For documentation on this error, please visit: http://seleniumhq.org/exceptions/no_such_element.html
Build info: version: '3.0.1', revision: '1969d75', time: '2016-10-18 09:49:13 -0700'
System info: host: 'PradeepVK', ip: '192.168.0.101', os.name: 'Windows 8.1', os.arch: 'amd64', os.version: '6.3', java.version: '1.8.0_73'
Driver info: org.openqa.selenium.chrome.ChromeDriver
Capabilities [{applicationCacheEnabled=false, rotatable=false, mobileEmulationEnabled=false, networkConnectionEnabled=false, chrome={chromedriverVersion=2.28.455520 (cc17746adff54984afff480136733114c6b3704b), userDataDir=C:\Windows\TEMP\scoped_dir8640_14694}, takesHeapSnapshot=true, pageLoadStrategy=normal, databaseEnabled=false, handlesAlerts=true, hasTouchScreen=false, version=61.0.3163.100, platform=WIN8_1, browserConnectionEnabled=false, nativeEvents=true, acceptSslCerts=true, locationContextEnabled=true, webStorageEnabled=true, browserName=chrome, takesScreenshot=true, javascriptEnabled=true, cssSelectorsEnabled=true, unexpectedAlertBehaviour=}]
Session ID: efe0be4fbf361ed6eba3d570499e015f
*** Element info: {Using=id, value=PreviewFrame}
2017-10-07 13:40:18 INFO  HomePage:185 - switched to the default Content
2017-10-07 13:40:18 INFO  Retry:37 - Retrying test verifyRegistration with status FAILURE for the 1 time(s).
2017-10-07 13:40:18 INFO  TC002_VerifyRegistration:35 - =======started verifyRegistration Test===========
2017-10-07 13:40:18 INFO  TC002_VerifyRegistration:47 - org.openqa.selenium.NoSuchElementException: no such element: Unable to locate element: {"method":"id","selector":"PreviewFrame"}
  (Session info: chrome=61.0.3163.100)
  (Driver info: chromedriver=2.28.455520 (cc17746adff54984afff480136733114c6b3704b),platform=Windows NT 6.3.9600 x86_64) (WARNING: The server did not provide any stacktrace information)
Command duration or timeout: 15 milliseconds
For documentation on this error, please visit: http://seleniumhq.org/exceptions/no_such_element.html
Build info: version: '3.0.1', revision: '1969d75', time: '2016-10-18 09:49:13 -0700'
System info: host: 'PradeepVK', ip: '192.168.0.101', os.name: 'Windows 8.1', os.arch: 'amd64', os.version: '6.3', java.version: '1.8.0_73'
Driver info: org.openqa.selenium.chrome.ChromeDriver
Capabilities [{applicationCacheEnabled=false, rotatable=false, mobileEmulationEnabled=false, networkConnectionEnabled=false, chrome={chromedriverVersion=2.28.455520 (cc17746adff54984afff480136733114c6b3704b), userDataDir=C:\Windows\TEMP\scoped_dir8640_14694}, takesHeapSnapshot=true, pageLoadStrategy=normal, databaseEnabled=false, handlesAlerts=true, hasTouchScreen=false, version=61.0.3163.100, platform=WIN8_1, browserConnectionEnabled=false, nativeEvents=true, acceptSslCerts=true, locationContextEnabled=true, webStorageEnabled=true, browserName=chrome, takesScreenshot=true, javascriptEnabled=true, cssSelectorsEnabled=true, unexpectedAlertBehaviour=}]
Session ID: efe0be4fbf361ed6eba3d570499e015f
*** Element info: {Using=id, value=PreviewFrame}
2017-10-07 13:40:18 INFO  HomePage:185 - switched to the default Content
2017-10-07 13:40:19 INFO  Retry:37 - Retrying test verifyRegistration with status FAILURE for the 2 time(s).
2017-10-07 13:40:19 INFO  TC002_VerifyRegistration:35 - =======started verifyRegistration Test===========
2017-10-07 13:40:19 INFO  TC002_VerifyRegistration:47 - org.openqa.selenium.NoSuchElementException: no such element: Unable to locate element: {"method":"id","selector":"PreviewFrame"}
  (Session info: chrome=61.0.3163.100)
  (Driver info: chromedriver=2.28.455520 (cc17746adff54984afff480136733114c6b3704b),platform=Windows NT 6.3.9600 x86_64) (WARNING: The server did not provide any stacktrace information)
Command duration or timeout: 16 milliseconds
For documentation on this error, please visit: http://seleniumhq.org/exceptions/no_such_element.html
Build info: version: '3.0.1', revision: '1969d75', time: '2016-10-18 09:49:13 -0700'
System info: host: 'PradeepVK', ip: '192.168.0.101', os.name: 'Windows 8.1', os.arch: 'amd64', os.version: '6.3', java.version: '1.8.0_73'
Driver info: org.openqa.selenium.chrome.ChromeDriver
Capabilities [{applicationCacheEnabled=false, rotatable=false, mobileEmulationEnabled=false, networkConnectionEnabled=false, chrome={chromedriverVersion=2.28.455520 (cc17746adff54984afff480136733114c6b3704b), userDataDir=C:\Windows\TEMP\scoped_dir8640_14694}, takesHeapSnapshot=true, pageLoadStrategy=normal, databaseEnabled=false, handlesAlerts=true, hasTouchScreen=false, version=61.0.3163.100, platform=WIN8_1, browserConnectionEnabled=false, nativeEvents=true, acceptSslCerts=true, locationContextEnabled=true, webStorageEnabled=true, browserName=chrome, takesScreenshot=true, javascriptEnabled=true, cssSelectorsEnabled=true, unexpectedAlertBehaviour=}]
Session ID: efe0be4fbf361ed6eba3d570499e015f
*** Element info: {Using=id, value=PreviewFrame}
2017-10-07 13:40:19 INFO  HomePage:185 - switched to the default Content
2017-10-07 13:40:20 INFO  Retry:37 - Retrying test verifyRegistration with status FAILURE for the 3 time(s).
2017-10-07 13:40:20 INFO  TC002_VerifyRegistration:35 - =======started verifyRegistration Test===========
2017-10-07 13:40:20 INFO  TC002_VerifyRegistration:47 - org.openqa.selenium.NoSuchElementException: no such element: Unable to locate element: {"method":"id","selector":"PreviewFrame"}
  (Session info: chrome=61.0.3163.100)
  (Driver info: chromedriver=2.28.455520 (cc17746adff54984afff480136733114c6b3704b),platform=Windows NT 6.3.9600 x86_64) (WARNING: The server did not provide any stacktrace information)
Command duration or timeout: 16 milliseconds
For documentation on this error, please visit: http://seleniumhq.org/exceptions/no_such_element.html
Build info: version: '3.0.1', revision: '1969d75', time: '2016-10-18 09:49:13 -0700'
System info: host: 'PradeepVK', ip: '192.168.0.101', os.name: 'Windows 8.1', os.arch: 'amd64', os.version: '6.3', java.version: '1.8.0_73'
Driver info: org.openqa.selenium.chrome.ChromeDriver
Capabilities [{applicationCacheEnabled=false, rotatable=false, mobileEmulationEnabled=false, networkConnectionEnabled=false, chrome={chromedriverVersion=2.28.455520 (cc17746adff54984afff480136733114c6b3704b), userDataDir=C:\Windows\TEMP\scoped_dir8640_14694}, takesHeapSnapshot=true, pageLoadStrategy=normal, databaseEnabled=false, handlesAlerts=true, hasTouchScreen=false, version=61.0.3163.100, platform=WIN8_1, browserConnectionEnabled=false, nativeEvents=true, acceptSslCerts=true, locationContextEnabled=true, webStorageEnabled=true, browserName=chrome, takesScreenshot=true, javascriptEnabled=true, cssSelectorsEnabled=true, unexpectedAlertBehaviour=}]
Session ID: efe0be4fbf361ed6eba3d570499e015f
*** Element info: {Using=id, value=PreviewFrame}
2017-10-07 13:40:20 INFO  HomePage:185 - switched to the default Content
2017-10-07 13:40:21 INFO  TestBase:285 - browser closed
2017-10-07 13:40:25 INFO  TestBase:285 - browser closed
2017-10-07 13:40:25 INFO  TestBase:285 - browser closed
2017-10-07 13:40:26 INFO  TestBase:285 - browser closed
2017-10-07 13:40:28 INFO  TestBase:134 - navigating to :-http://automationpractice.com/index.php
2017-10-07 13:40:31 INFO  TestBase:285 - browser closed
2017-10-07 13:40:31 INFO  TestBase:285 - browser closed
2017-10-07 14:02:40 INFO  TestBase:134 - navigating to :-http://automationpractice.com/index.php
2017-10-07 14:02:53 INFO  TC002_VerifyRegistration:35 - =======started verifyRegistration Test===========
2017-10-07 14:02:53 INFO  TC002_VerifyRegistration:47 - org.openqa.selenium.NoSuchElementException: no such element: Unable to locate element: {"method":"id","selector":"PreviewFrame"}
  (Session info: chrome=61.0.3163.100)
  (Driver info: chromedriver=2.28.455520 (cc17746adff54984afff480136733114c6b3704b),platform=Windows NT 6.3.9600 x86_64) (WARNING: The server did not provide any stacktrace information)
Command duration or timeout: 96 milliseconds
For documentation on this error, please visit: http://seleniumhq.org/exceptions/no_such_element.html
Build info: version: '3.0.1', revision: '1969d75', time: '2016-10-18 09:49:13 -0700'
System info: host: 'PradeepVK', ip: '192.168.0.101', os.name: 'Windows 8.1', os.arch: 'amd64', os.version: '6.3', java.version: '1.8.0_73'
Driver info: org.openqa.selenium.chrome.ChromeDriver
Capabilities [{applicationCacheEnabled=false, rotatable=false, mobileEmulationEnabled=false, networkConnectionEnabled=false, chrome={chromedriverVersion=2.28.455520 (cc17746adff54984afff480136733114c6b3704b), userDataDir=C:\Windows\TEMP\scoped_dir2768_24863}, takesHeapSnapshot=true, pageLoadStrategy=normal, databaseEnabled=false, handlesAlerts=true, hasTouchScreen=false, version=61.0.3163.100, platform=WIN8_1, browserConnectionEnabled=false, nativeEvents=true, acceptSslCerts=true, locationContextEnabled=true, webStorageEnabled=true, browserName=chrome, takesScreenshot=true, javascriptEnabled=true, cssSelectorsEnabled=true, unexpectedAlertBehaviour=}]
Session ID: 5cf2f3c7a7749f1e973b4e537b5f7997
*** Element info: {Using=id, value=PreviewFrame}
2017-10-07 14:02:53 INFO  HomePage:185 - switched to the default Content
2017-10-07 14:02:55 INFO  Retry:37 - Retrying test verifyRegistration with status FAILURE for the 1 time(s).
2017-10-07 14:02:55 INFO  TC002_VerifyRegistration:35 - =======started verifyRegistration Test===========
2017-10-07 14:02:55 INFO  TC002_VerifyRegistration:47 - org.openqa.selenium.NoSuchElementException: no such element: Unable to locate element: {"method":"id","selector":"PreviewFrame"}
  (Session info: chrome=61.0.3163.100)
  (Driver info: chromedriver=2.28.455520 (cc17746adff54984afff480136733114c6b3704b),platform=Windows NT 6.3.9600 x86_64) (WARNING: The server did not provide any stacktrace information)
Command duration or timeout: 16 milliseconds
For documentation on this error, please visit: http://seleniumhq.org/exceptions/no_such_element.html
Build info: version: '3.0.1', revision: '1969d75', time: '2016-10-18 09:49:13 -0700'
System info: host: 'PradeepVK', ip: '192.168.0.101', os.name: 'Windows 8.1', os.arch: 'amd64', os.version: '6.3', java.version: '1.8.0_73'
Driver info: org.openqa.selenium.chrome.ChromeDriver
Capabilities [{applicationCacheEnabled=false, rotatable=false, mobileEmulationEnabled=false, networkConnectionEnabled=false, chrome={chromedriverVersion=2.28.455520 (cc17746adff54984afff480136733114c6b3704b), userDataDir=C:\Windows\TEMP\scoped_dir2768_24863}, takesHeapSnapshot=true, pageLoadStrategy=normal, databaseEnabled=false, handlesAlerts=true, hasTouchScreen=false, version=61.0.3163.100, platform=WIN8_1, browserConnectionEnabled=false, nativeEvents=true, acceptSslCerts=true, locationContextEnabled=true, webStorageEnabled=true, browserName=chrome, takesScreenshot=true, javascriptEnabled=true, cssSelectorsEnabled=true, unexpectedAlertBehaviour=}]
Session ID: 5cf2f3c7a7749f1e973b4e537b5f7997
*** Element info: {Using=id, value=PreviewFrame}
2017-10-07 14:02:55 INFO  HomePage:185 - switched to the default Content
2017-10-07 14:02:56 INFO  Retry:37 - Retrying test verifyRegistration with status FAILURE for the 2 time(s).
2017-10-07 14:02:56 INFO  TC002_VerifyRegistration:35 - =======started verifyRegistration Test===========
2017-10-07 14:02:56 INFO  TC002_VerifyRegistration:47 - org.openqa.selenium.NoSuchElementException: no such element: Unable to locate element: {"method":"id","selector":"PreviewFrame"}
  (Session info: chrome=61.0.3163.100)
  (Driver info: chromedriver=2.28.455520 (cc17746adff54984afff480136733114c6b3704b),platform=Windows NT 6.3.9600 x86_64) (WARNING: The server did not provide any stacktrace information)
Command duration or timeout: 0 milliseconds
For documentation on this error, please visit: http://seleniumhq.org/exceptions/no_such_element.html
Build info: version: '3.0.1', revision: '1969d75', time: '2016-10-18 09:49:13 -0700'
System info: host: 'PradeepVK', ip: '192.168.0.101', os.name: 'Windows 8.1', os.arch: 'amd64', os.version: '6.3', java.version: '1.8.0_73'
Driver info: org.openqa.selenium.chrome.ChromeDriver
Capabilities [{applicationCacheEnabled=false, rotatable=false, mobileEmulationEnabled=false, networkConnectionEnabled=false, chrome={chromedriverVersion=2.28.455520 (cc17746adff54984afff480136733114c6b3704b), userDataDir=C:\Windows\TEMP\scoped_dir2768_24863}, takesHeapSnapshot=true, pageLoadStrategy=normal, databaseEnabled=false, handlesAlerts=true, hasTouchScreen=false, version=61.0.3163.100, platform=WIN8_1, browserConnectionEnabled=false, nativeEvents=true, acceptSslCerts=true, locationContextEnabled=true, webStorageEnabled=true, browserName=chrome, takesScreenshot=true, javascriptEnabled=true, cssSelectorsEnabled=true, unexpectedAlertBehaviour=}]
Session ID: 5cf2f3c7a7749f1e973b4e537b5f7997
*** Element info: {Using=id, value=PreviewFrame}
2017-10-07 14:02:56 INFO  HomePage:185 - switched to the default Content
2017-10-07 14:02:57 INFO  Retry:37 - Retrying test verifyRegistration with status FAILURE for the 3 time(s).
2017-10-07 14:02:57 INFO  TC002_VerifyRegistration:35 - =======started verifyRegistration Test===========
2017-10-07 14:02:57 INFO  TC002_VerifyRegistration:47 - org.openqa.selenium.NoSuchElementException: no such element: Unable to locate element: {"method":"id","selector":"PreviewFrame"}
  (Session info: chrome=61.0.3163.100)
  (Driver info: chromedriver=2.28.455520 (cc17746adff54984afff480136733114c6b3704b),platform=Windows NT 6.3.9600 x86_64) (WARNING: The server did not provide any stacktrace information)
Command duration or timeout: 16 milliseconds
For documentation on this error, please visit: http://seleniumhq.org/exceptions/no_such_element.html
Build info: version: '3.0.1', revision: '1969d75', time: '2016-10-18 09:49:13 -0700'
System info: host: 'PradeepVK', ip: '192.168.0.101', os.name: 'Windows 8.1', os.arch: 'amd64', os.version: '6.3', java.version: '1.8.0_73'
Driver info: org.openqa.selenium.chrome.ChromeDriver
Capabilities [{applicationCacheEnabled=false, rotatable=false, mobileEmulationEnabled=false, networkConnectionEnabled=false, chrome={chromedriverVersion=2.28.455520 (cc17746adff54984afff480136733114c6b3704b), userDataDir=C:\Windows\TEMP\scoped_dir2768_24863}, takesHeapSnapshot=true, pageLoadStrategy=normal, databaseEnabled=false, handlesAlerts=true, hasTouchScreen=false, version=61.0.3163.100, platform=WIN8_1, browserConnectionEnabled=false, nativeEvents=true, acceptSslCerts=true, locationContextEnabled=true, webStorageEnabled=true, browserName=chrome, takesScreenshot=true, javascriptEnabled=true, cssSelectorsEnabled=true, unexpectedAlertBehaviour=}]
Session ID: 5cf2f3c7a7749f1e973b4e537b5f7997
*** Element info: {Using=id, value=PreviewFrame}
2017-10-07 14:02:57 INFO  HomePage:185 - switched to the default Content
2017-10-07 14:02:58 INFO  TestBase:285 - browser closed
2017-10-07 14:03:01 INFO  TestBase:134 - navigating to :-http://automationpractice.com/index.php
2017-10-07 14:03:15 INFO  TC003_VerifyLoginWithDifferentRecords:43 - ============= Strting VerifyLoginWithDifferentRecords Test===========
2017-10-07 14:03:16 INFO  TC003_VerifyLoginWithDifferentRecords:43 - ============= Strting VerifyLoginWithDifferentRecords Test===========
2017-10-07 14:03:16 INFO  TC003_VerifyLoginWithDifferentRecords:43 - ============= Strting VerifyLoginWithDifferentRecords Test===========
2017-10-07 14:03:17 INFO  TestBase:285 - browser closed
2017-10-07 14:03:20 INFO  TestBase:134 - navigating to :-http://automationpractice.com/index.php
2017-10-07 14:03:35 INFO  TestBase:25 - =======Starting verifyAaddToCart test========
2017-10-07 14:03:37 INFO  TestBase:285 - browser closed
2017-10-07 14:03:41 INFO  TestBase:134 - navigating to :-http://automationpractice.com/index.php
2017-10-07 14:03:59 INFO  TestBase:285 - browser closed
2017-10-07 14:04:02 INFO  TestBase:134 - navigating to :-http://automationpractice.com/index.php
2017-10-07 14:04:05 INFO  TestBase:285 - browser closed
2017-10-07 14:04:05 INFO  TestBase:285 - browser closed
2017-12-15 22:03:18 INFO  TestBase:134 - navigating to :-http://automationpractice.com/index.php
2017-12-15 22:03:26 INFO  TestBase:285 - browser closed
2017-12-15 22:03:27 INFO  TestBase:285 - browser closed
2017-12-15 22:03:27 INFO  TestBase:285 - browser closed
2017-12-15 22:03:27 INFO  TestBase:285 - browser closed
2017-12-15 22:03:29 INFO  TestBase:134 - navigating to :-http://automationpractice.com/index.php
2017-12-15 22:03:33 INFO  TestBase:285 - browser closed
2017-12-15 22:03:33 INFO  TestBase:285 - browser closed
2017-12-15 22:59:13 INFO  TestBase:134 - navigating to :-http://automationpractice.com/index.php
2017-12-15 22:59:16 INFO  TestBase:285 - browser closed
2017-12-15 22:59:17 INFO  TestBase:285 - browser closed
2017-12-15 22:59:17 INFO  TestBase:285 - browser closed
2017-12-15 22:59:17 INFO  TestBase:285 - browser closed
2017-12-15 22:59:19 INFO  TestBase:134 - navigating to :-http://automationpractice.com/index.php
2017-12-15 22:59:22 INFO  TestBase:285 - browser closed
2017-12-15 22:59:22 INFO  TestBase:285 - browser closed
