<?xml version="1.0" encoding="UTF-8"?>
<testng-results skipped="3" failed="0" total="6" passed="3">
  <reporter-output>
    <line>
      <![CDATA[path of file found and set]]>
    </line>
    <line>
      <![CDATA[Entered1]]>
    </line>
    <line>
      <![CDATA[ENvronment from jenkinsnull]]>
    </line>
    <line>
      <![CDATA[Url from jenkinsnull]]>
    </line>
    <line>
      <![CDATA[Skipped Test3]]>
    </line>
    <line>
      <![CDATA[Skipped Test3]]>
    </line>
    <line>
      <![CDATA[Entered1]]>
    </line>
    <line>
      <![CDATA[ENvronment from jenkinsnull]]>
    </line>
    <line>
      <![CDATA[Url from jenkinsnull]]>
    </line>
    <line>
      <![CDATA[3.0]]>
    </line>
    <line>
      <![CDATA[4.0]]>
    </line>
    <line>
      <![CDATA[Test case passed and status is1]]>
    </line>
    <line>
      <![CDATA[Test case passed and status is1]]>
    </line>
    <line>
      <![CDATA[Entered1]]>
    </line>
    <line>
      <![CDATA[ENvronment from jenkinsnull]]>
    </line>
    <line>
      <![CDATA[Url from jenkinsnull]]>
    </line>
    <line>
      <![CDATA[5.0]]>
    </line>
    <line>
      <![CDATA[6.0]]>
    </line>
    <line>
      <![CDATA[Test case passed and status is1]]>
    </line>
    <line>
      <![CDATA[Test case passed and status is1]]>
    </line>
    <line>
      <![CDATA[Entered1]]>
    </line>
    <line>
      <![CDATA[ENvronment from jenkinsnull]]>
    </line>
    <line>
      <![CDATA[Url from jenkinsnull]]>
    </line>
    <line>
      <![CDATA[Skipped Test3]]>
    </line>
    <line>
      <![CDATA[Skipped Test3]]>
    </line>
    <line>
      <![CDATA[Entered1]]>
    </line>
    <line>
      <![CDATA[ENvronment from jenkinsnull]]>
    </line>
    <line>
      <![CDATA[Url from jenkinsnull]]>
    </line>
    <line>
      <![CDATA[9.0]]>
    </line>
    <line>
      <![CDATA[10.0]]>
    </line>
    <line>
      <![CDATA[Test case passed and status is1]]>
    </line>
    <line>
      <![CDATA[Test case passed and status is1]]>
    </line>
    <line>
      <![CDATA[Entered1]]>
    </line>
    <line>
      <![CDATA[ENvronment from jenkinsnull]]>
    </line>
    <line>
      <![CDATA[Url from jenkinsnull]]>
    </line>
    <line>
      <![CDATA[Skipped Test3]]>
    </line>
    <line>
      <![CDATA[Skipped Test3]]>
    </line>
  </reporter-output>
  <suite name="Suite" duration-ms="939" started-at="2017-12-15T16:31:17Z" finished-at="2017-12-15T16:31:18Z">
    <groups>
      <group name="Exceldatatesting">
        <method signature="Tc001_Loginwithrecords.testing(java.lang.String, java.lang.String, java.lang.String)[pri:0, instance:testcase1.Tc001_Loginwithrecords@36d64342]" name="testing" class="testcase1.Tc001_Loginwithrecords"/>
      </group> <!-- Exceldatatesting -->
    </groups>
    <test name="Test" duration-ms="939" started-at="2017-12-15T16:31:17Z" finished-at="2017-12-15T16:31:18Z">
      <class name="testcase1.Tc001_Loginwithrecords">
        <test-method status="SKIP" signature="testing(java.lang.String, java.lang.String, java.lang.String)[pri:0, instance:testcase1.Tc001_Loginwithrecords@36d64342]" name="testing" duration-ms="31" started-at="2017-12-15T22:01:18Z" data-provider="mydata" finished-at="2017-12-15T22:01:18Z">
          <params>
            <param index="0">
              <value>
                <![CDATA[1.0]]>
              </value>
            </param>
            <param index="1">
              <value>
                <![CDATA[2.0]]>
              </value>
            </param>
            <param index="2">
              <value>
                <![CDATA[N]]>
              </value>
            </param>
          </params>
          <exception class="org.testng.SkipException">
            <message>
              <![CDATA[Mode is N]]>
            </message>
            <full-stacktrace>
              <![CDATA[org.testng.SkipException: Mode is N
	at testcase1.Tc001_Loginwithrecords.testing(Tc001_Loginwithrecords.java:55)
	at sun.reflect.NativeMethodAccessorImpl.invoke0(Native Method)
	at sun.reflect.NativeMethodAccessorImpl.invoke(Unknown Source)
	at sun.reflect.DelegatingMethodAccessorImpl.invoke(Unknown Source)
	at java.lang.reflect.Method.invoke(Unknown Source)
	at org.testng.internal.MethodInvocationHelper.invokeMethod(MethodInvocationHelper.java:80)
	at org.testng.internal.Invoker.invokeMethod(Invoker.java:714)
	at org.testng.internal.Invoker.invokeTestMethod(Invoker.java:901)
	at org.testng.internal.Invoker.invokeTestMethods(Invoker.java:1231)
	at org.testng.internal.TestMethodWorker.invokeTestMethods(TestMethodWorker.java:127)
	at org.testng.internal.TestMethodWorker.run(TestMethodWorker.java:111)
	at org.testng.TestRunner.privateRun(TestRunner.java:767)
	at org.testng.TestRunner.run(TestRunner.java:617)
	at org.testng.SuiteRunner.runTest(SuiteRunner.java:334)
	at org.testng.SuiteRunner.runSequentially(SuiteRunner.java:329)
	at org.testng.SuiteRunner.privateRun(SuiteRunner.java:291)
	at org.testng.SuiteRunner.run(SuiteRunner.java:240)
	at org.testng.SuiteRunnerWorker.runSuite(SuiteRunnerWorker.java:52)
	at org.testng.SuiteRunnerWorker.run(SuiteRunnerWorker.java:86)
	at org.testng.TestNG.runSuitesSequentially(TestNG.java:1198)
	at org.testng.TestNG.runSuitesLocally(TestNG.java:1123)
	at org.testng.TestNG.run(TestNG.java:1031)
	at org.testng.remote.RemoteTestNG.run(RemoteTestNG.java:111)
	at org.testng.remote.RemoteTestNG.initAndRun(RemoteTestNG.java:204)
	at org.testng.remote.RemoteTestNG.main(RemoteTestNG.java:175)
]]>
            </full-stacktrace>
          </exception> <!-- org.testng.SkipException -->
          <reporter-output>
            <line>
              <![CDATA[Entered1]]>
            </line>
            <line>
              <![CDATA[ENvronment from jenkinsnull]]>
            </line>
            <line>
              <![CDATA[Url from jenkinsnull]]>
            </line>
            <line>
              <![CDATA[Skipped Test3]]>
            </line>
            <line>
              <![CDATA[Skipped Test3]]>
            </line>
          </reporter-output>
        </test-method> <!-- testing -->
        <test-method status="PASS" signature="testing(java.lang.String, java.lang.String, java.lang.String)[pri:0, instance:testcase1.Tc001_Loginwithrecords@36d64342]" name="testing" duration-ms="0" started-at="2017-12-15T22:01:18Z" data-provider="mydata" finished-at="2017-12-15T22:01:18Z">
          <params>
            <param index="0">
              <value>
                <![CDATA[3.0]]>
              </value>
            </param>
            <param index="1">
              <value>
                <![CDATA[4.0]]>
              </value>
            </param>
            <param index="2">
              <value>
                <![CDATA[Y]]>
              </value>
            </param>
          </params>
          <reporter-output>
            <line>
              <![CDATA[Entered1]]>
            </line>
            <line>
              <![CDATA[ENvronment from jenkinsnull]]>
            </line>
            <line>
              <![CDATA[Url from jenkinsnull]]>
            </line>
            <line>
              <![CDATA[3.0]]>
            </line>
            <line>
              <![CDATA[4.0]]>
            </line>
            <line>
              <![CDATA[Test case passed and status is1]]>
            </line>
            <line>
              <![CDATA[Test case passed and status is1]]>
            </line>
          </reporter-output>
        </test-method> <!-- testing -->
        <test-method status="PASS" signature="testing(java.lang.String, java.lang.String, java.lang.String)[pri:0, instance:testcase1.Tc001_Loginwithrecords@36d64342]" name="testing" duration-ms="0" started-at="2017-12-15T22:01:18Z" data-provider="mydata" finished-at="2017-12-15T22:01:18Z">
          <params>
            <param index="0">
              <value>
                <![CDATA[5.0]]>
              </value>
            </param>
            <param index="1">
              <value>
                <![CDATA[6.0]]>
              </value>
            </param>
            <param index="2">
              <value>
                <![CDATA[Y]]>
              </value>
            </param>
          </params>
          <reporter-output>
            <line>
              <![CDATA[Entered1]]>
            </line>
            <line>
              <![CDATA[ENvronment from jenkinsnull]]>
            </line>
            <line>
              <![CDATA[Url from jenkinsnull]]>
            </line>
            <line>
              <![CDATA[5.0]]>
            </line>
            <line>
              <![CDATA[6.0]]>
            </line>
            <line>
              <![CDATA[Test case passed and status is1]]>
            </line>
            <line>
              <![CDATA[Test case passed and status is1]]>
            </line>
          </reporter-output>
        </test-method> <!-- testing -->
        <test-method status="SKIP" signature="testing(java.lang.String, java.lang.String, java.lang.String)[pri:0, instance:testcase1.Tc001_Loginwithrecords@36d64342]" name="testing" duration-ms="0" started-at="2017-12-15T22:01:18Z" data-provider="mydata" finished-at="2017-12-15T22:01:18Z">
          <params>
            <param index="0">
              <value>
                <![CDATA[7.0]]>
              </value>
            </param>
            <param index="1">
              <value>
                <![CDATA[8.0]]>
              </value>
            </param>
            <param index="2">
              <value>
                <![CDATA[N]]>
              </value>
            </param>
          </params>
          <exception class="org.testng.SkipException">
            <message>
              <![CDATA[Mode is N]]>
            </message>
            <full-stacktrace>
              <![CDATA[org.testng.SkipException: Mode is N
	at testcase1.Tc001_Loginwithrecords.testing(Tc001_Loginwithrecords.java:55)
	at sun.reflect.NativeMethodAccessorImpl.invoke0(Native Method)
	at sun.reflect.NativeMethodAccessorImpl.invoke(Unknown Source)
	at sun.reflect.DelegatingMethodAccessorImpl.invoke(Unknown Source)
	at java.lang.reflect.Method.invoke(Unknown Source)
	at org.testng.internal.MethodInvocationHelper.invokeMethod(MethodInvocationHelper.java:80)
	at org.testng.internal.Invoker.invokeMethod(Invoker.java:714)
	at org.testng.internal.Invoker.invokeTestMethod(Invoker.java:901)
	at org.testng.internal.Invoker.invokeTestMethods(Invoker.java:1231)
	at org.testng.internal.TestMethodWorker.invokeTestMethods(TestMethodWorker.java:127)
	at org.testng.internal.TestMethodWorker.run(TestMethodWorker.java:111)
	at org.testng.TestRunner.privateRun(TestRunner.java:767)
	at org.testng.TestRunner.run(TestRunner.java:617)
	at org.testng.SuiteRunner.runTest(SuiteRunner.java:334)
	at org.testng.SuiteRunner.runSequentially(SuiteRunner.java:329)
	at org.testng.SuiteRunner.privateRun(SuiteRunner.java:291)
	at org.testng.SuiteRunner.run(SuiteRunner.java:240)
	at org.testng.SuiteRunnerWorker.runSuite(SuiteRunnerWorker.java:52)
	at org.testng.SuiteRunnerWorker.run(SuiteRunnerWorker.java:86)
	at org.testng.TestNG.runSuitesSequentially(TestNG.java:1198)
	at org.testng.TestNG.runSuitesLocally(TestNG.java:1123)
	at org.testng.TestNG.run(TestNG.java:1031)
	at org.testng.remote.RemoteTestNG.run(RemoteTestNG.java:111)
	at org.testng.remote.RemoteTestNG.initAndRun(RemoteTestNG.java:204)
	at org.testng.remote.RemoteTestNG.main(RemoteTestNG.java:175)
]]>
            </full-stacktrace>
          </exception> <!-- org.testng.SkipException -->
          <reporter-output>
            <line>
              <![CDATA[Entered1]]>
            </line>
            <line>
              <![CDATA[ENvronment from jenkinsnull]]>
            </line>
            <line>
              <![CDATA[Url from jenkinsnull]]>
            </line>
            <line>
              <![CDATA[Skipped Test3]]>
            </line>
            <line>
              <![CDATA[Skipped Test3]]>
            </line>
          </reporter-output>
        </test-method> <!-- testing -->
        <test-method status="PASS" signature="testing(java.lang.String, java.lang.String, java.lang.String)[pri:0, instance:testcase1.Tc001_Loginwithrecords@36d64342]" name="testing" duration-ms="11" started-at="2017-12-15T22:01:18Z" data-provider="mydata" finished-at="2017-12-15T22:01:18Z">
          <params>
            <param index="0">
              <value>
                <![CDATA[9.0]]>
              </value>
            </param>
            <param index="1">
              <value>
                <![CDATA[10.0]]>
              </value>
            </param>
            <param index="2">
              <value>
                <![CDATA[Y]]>
              </value>
            </param>
          </params>
          <reporter-output>
            <line>
              <![CDATA[Entered1]]>
            </line>
            <line>
              <![CDATA[ENvronment from jenkinsnull]]>
            </line>
            <line>
              <![CDATA[Url from jenkinsnull]]>
            </line>
            <line>
              <![CDATA[9.0]]>
            </line>
            <line>
              <![CDATA[10.0]]>
            </line>
            <line>
              <![CDATA[Test case passed and status is1]]>
            </line>
            <line>
              <![CDATA[Test case passed and status is1]]>
            </line>
          </reporter-output>
        </test-method> <!-- testing -->
        <test-method status="SKIP" signature="testing(java.lang.String, java.lang.String, java.lang.String)[pri:0, instance:testcase1.Tc001_Loginwithrecords@36d64342]" name="testing" duration-ms="41" started-at="2017-12-15T22:01:18Z" data-provider="mydata" finished-at="2017-12-15T22:01:18Z">
          <params>
            <param index="0">
              <value>
                <![CDATA[11.0]]>
              </value>
            </param>
            <param index="1">
              <value>
                <![CDATA[12.0]]>
              </value>
            </param>
            <param index="2">
              <value>
                <![CDATA[N]]>
              </value>
            </param>
          </params>
          <exception class="org.testng.SkipException">
            <message>
              <![CDATA[Mode is N]]>
            </message>
            <full-stacktrace>
              <![CDATA[org.testng.SkipException: Mode is N
	at testcase1.Tc001_Loginwithrecords.testing(Tc001_Loginwithrecords.java:55)
	at sun.reflect.NativeMethodAccessorImpl.invoke0(Native Method)
	at sun.reflect.NativeMethodAccessorImpl.invoke(Unknown Source)
	at sun.reflect.DelegatingMethodAccessorImpl.invoke(Unknown Source)
	at java.lang.reflect.Method.invoke(Unknown Source)
	at org.testng.internal.MethodInvocationHelper.invokeMethod(MethodInvocationHelper.java:80)
	at org.testng.internal.Invoker.invokeMethod(Invoker.java:714)
	at org.testng.internal.Invoker.invokeTestMethod(Invoker.java:901)
	at org.testng.internal.Invoker.invokeTestMethods(Invoker.java:1231)
	at org.testng.internal.TestMethodWorker.invokeTestMethods(TestMethodWorker.java:127)
	at org.testng.internal.TestMethodWorker.run(TestMethodWorker.java:111)
	at org.testng.TestRunner.privateRun(TestRunner.java:767)
	at org.testng.TestRunner.run(TestRunner.java:617)
	at org.testng.SuiteRunner.runTest(SuiteRunner.java:334)
	at org.testng.SuiteRunner.runSequentially(SuiteRunner.java:329)
	at org.testng.SuiteRunner.privateRun(SuiteRunner.java:291)
	at org.testng.SuiteRunner.run(SuiteRunner.java:240)
	at org.testng.SuiteRunnerWorker.runSuite(SuiteRunnerWorker.java:52)
	at org.testng.SuiteRunnerWorker.run(SuiteRunnerWorker.java:86)
	at org.testng.TestNG.runSuitesSequentially(TestNG.java:1198)
	at org.testng.TestNG.runSuitesLocally(TestNG.java:1123)
	at org.testng.TestNG.run(TestNG.java:1031)
	at org.testng.remote.RemoteTestNG.run(RemoteTestNG.java:111)
	at org.testng.remote.RemoteTestNG.initAndRun(RemoteTestNG.java:204)
	at org.testng.remote.RemoteTestNG.main(RemoteTestNG.java:175)
]]>
            </full-stacktrace>
          </exception> <!-- org.testng.SkipException -->
          <reporter-output>
            <line>
              <![CDATA[Entered1]]>
            </line>
            <line>
              <![CDATA[ENvronment from jenkinsnull]]>
            </line>
            <line>
              <![CDATA[Url from jenkinsnull]]>
            </line>
            <line>
              <![CDATA[Skipped Test3]]>
            </line>
            <line>
              <![CDATA[Skipped Test3]]>
            </line>
          </reporter-output>
        </test-method> <!-- testing -->
      </class> <!-- testcase1.Tc001_Loginwithrecords -->
    </test> <!-- Test -->
  </suite> <!-- Suite -->
</testng-results>
