<?xml version="1.0" encoding="UTF-8"?>
<testsuite xmlns:xsi="http://www.w3.org/2001/XMLSchema-instance" xsi:schemaLocation="https://maven.apache.org/surefire/maven-surefire-plugin/xsd/surefire-test-report.xsd" name="TestSuite" time="12.693" tests="7" errors="0" skipped="3" failures="1">
  <properties>
    <property name="java.runtime.name" value="Java(TM) SE Runtime Environment"/>
    <property name="sun.boot.library.path" value="C:\Program Files\Java\jdk1.8.0_73\jre\bin"/>
    <property name="java.vm.version" value="25.73-b02"/>
    <property name="java.vm.vendor" value="Oracle Corporation"/>
    <property name="maven.multiModuleProjectDirectory" value="C:\Users\Pradeepkumar\TestSelenium\Automation"/>
    <property name="java.vendor.url" value="http://java.oracle.com/"/>
    <property name="path.separator" value=";"/>
    <property name="guice.disable.misplaced.annotation.check" value="true"/>
    <property name="java.vm.name" value="Java HotSpot(TM) 64-Bit Server VM"/>
    <property name="file.encoding.pkg" value="sun.io"/>
    <property name="user.script" value=""/>
    <property name="user.country" value="US"/>
    <property name="sun.java.launcher" value="SUN_STANDARD"/>
    <property name="sun.os.patch.level" value=""/>
    <property name="java.vm.specification.name" value="Java Virtual Machine Specification"/>
    <property name="user.dir" value="C:\Users\Pradeepkumar\TestSelenium\Automation"/>
    <property name="java.runtime.version" value="1.8.0_73-b02"/>
    <property name="java.awt.graphicsenv" value="sun.awt.Win32GraphicsEnvironment"/>
    <property name="java.endorsed.dirs" value="C:\Program Files\Java\jdk1.8.0_73\jre\lib\endorsed"/>
    <property name="os.arch" value="amd64"/>
    <property name="java.io.tmpdir" value="C:\Windows\TEMP\"/>
    <property name="line.separator" value="&#10;"/>
    <property name="java.vm.specification.vendor" value="Oracle Corporation"/>
    <property name="user.variant" value=""/>
    <property name="os.name" value="Windows 8.1"/>
    <property name="suiteXmlFile" value="NewFile.xml"/>
    <property name="classworlds.conf" value="C:\Users\Pradeepkumar\.jenkins\tools\hudson.tasks.Maven_MavenInstallation\M2_HOME\bin\m2.conf"/>
    <property name="sun.jnu.encoding" value="Cp1252"/>
    <property name="java.library.path" value="C:\Program Files\Java\jdk1.8.0_73\bin;C:\Windows\Sun\Java\bin;C:\Windows\system32;C:\Windows;C:\Users\Pradeepkumar\.jenkins\tools\hudson.tasks.Maven_MavenInstallation\M2_HOME/bin;C:\Program Files\Java\jdk1.8.0_73/bin;C:\Program Files\Java\jdk1.8.0_73/bin;C:\ProgramData\Oracle\Java\javapath;C:\Program Files (x86)\Intel\iCLS Client\;C:\Program Files\Intel\iCLS Client\;C:\Windows\system32;C:\Windows;C:\Windows\System32\Wbem;C:\Windows\System32\WindowsPowerShell\v1.0\;C:\Program Files\Hewlett-Packard\SimplePass\;C:\Program Files (x86)\Windows Live\Shared;C:\Program Files\Intel\Intel(R) Management Engine Components\DAL;C:\Program Files (x86)\Intel\Intel(R) Management Engine Components\DAL;C:\Program Files\Intel\Intel(R) Management Engine Components\IPT;C:\Program Files (x86)\Intel\Intel(R) Management Engine Components\IPT;F:\downloads\Exe\Selenium\apache-maven-3.3.9\bin;C:\Program Files (x86)\Java\jdk1.8.0_73\bin;C:\selenium;C:\Program Files (x86)\Skype\Phone\;."/>
    <property name="java.specification.name" value="Java Platform API Specification"/>
    <property name="java.class.version" value="52.0"/>
    <property name="sun.management.compiler" value="HotSpot 64-Bit Tiered Compilers"/>
    <property name="os.version" value="6.3"/>
    <property name="user.home" value="C:\Users\Pradeepkumar"/>
    <property name="user.timezone" value="Asia/Calcutta"/>
    <property name="java.awt.printerjob" value="sun.awt.windows.WPrinterJob"/>
    <property name="java.specification.version" value="1.8"/>
    <property name="file.encoding" value="Cp1252"/>
    <property name="user.name" value="Pradeepkumar"/>
    <property name="java.class.path" value="C:\Users\Pradeepkumar\.jenkins\tools\hudson.tasks.Maven_MavenInstallation\M2_HOME\boot\plexus-classworlds-2.5.2.jar"/>
    <property name="java.vm.specification.version" value="1.8"/>
    <property name="sun.arch.data.model" value="64"/>
    <property name="java.home" value="C:\Program Files\Java\jdk1.8.0_73\jre"/>
    <property name="sun.java.command" value="org.codehaus.plexus.classworlds.launcher.Launcher -f pom.xml -Denvironment=SIT -Durlid=https://www.google.com test -DsuiteXmlFile=NewFile.xml"/>
    <property name="java.specification.vendor" value="Oracle Corporation"/>
    <property name="user.language" value="en"/>
    <property name="awt.toolkit" value="sun.awt.windows.WToolkit"/>
    <property name="java.vm.info" value="mixed mode"/>
    <property name="java.version" value="1.8.0_73"/>
    <property name="java.ext.dirs" value="C:\Program Files\Java\jdk1.8.0_73\jre\lib\ext;C:\Windows\Sun\Java\lib\ext"/>
    <property name="sun.boot.class.path" value="C:\Program Files\Java\jdk1.8.0_73\jre\lib\resources.jar;C:\Program Files\Java\jdk1.8.0_73\jre\lib\rt.jar;C:\Program Files\Java\jdk1.8.0_73\jre\lib\sunrsasign.jar;C:\Program Files\Java\jdk1.8.0_73\jre\lib\jsse.jar;C:\Program Files\Java\jdk1.8.0_73\jre\lib\jce.jar;C:\Program Files\Java\jdk1.8.0_73\jre\lib\charsets.jar;C:\Program Files\Java\jdk1.8.0_73\jre\lib\jfr.jar;C:\Program Files\Java\jdk1.8.0_73\jre\classes"/>
    <property name="java.vendor" value="Oracle Corporation"/>
    <property name="environment" value="SIT"/>
    <property name="maven.home" value="C:\Users\Pradeepkumar\.jenkins\tools\hudson.tasks.Maven_MavenInstallation\M2_HOME"/>
    <property name="file.separator" value="\"/>
    <property name="java.vendor.url.bug" value="http://bugreport.sun.com/bugreport/"/>
    <property name="sun.cpu.endian" value="little"/>
    <property name="sun.io.unicode.encoding" value="UnicodeLittle"/>
    <property name="urlid" value="https://www.google.com"/>
    <property name="sun.desktop" value="windows"/>
    <property name="sun.cpu.isalist" value="amd64"/>
  </properties>
  <testcase name="testing" classname="testcase1.Tc001_Loginwithrecords" time="0">
    <skipped message="Mode is N"/>
    <system-out><![CDATA[2017-12-01 18:57:22 INFO  Testbase:109 - Initialization completed-----------Now Trigerring Browser
2017-12-01 18:57:22 INFO  Testbase:109 - Browser launching
2017-12-01 18:57:28 INFO  Testbase:109 - URL opening
2017-12-01 18:57:30 INFO  Testbase:109 - back from init
2017-12-01 18:57:31 INFO  Testbase:109 - path of file found and set
2017-12-01 18:57:31 INFO  Listners:14 - Test started from listner
2017-12-01 18:57:31 INFO  Listners:14 - Test started from listner
2017-12-01 18:57:31 INFO  Testbase:109 - Entered1
2017-12-01 18:57:31 INFO  Testbase:109 - ENvronment from jenkinsSIT
2017-12-01 18:57:31 INFO  Testbase:109 - Url from jenkinshttps://www.google.com
2017-12-01 18:57:31 INFO  Listners:33 - Skipped test log
]]></system-out>
    <system-err><![CDATA[Starting ChromeDriver 2.28.455520 (cc17746adff54984afff480136733114c6b3704b) on port 42177
Only local connections are allowed.
Dec 01, 2017 6:57:27 PM org.openqa.selenium.remote.ProtocolHandshake createSession
INFO: Detected dialect: OSS
]]></system-err>
  </testcase>
  <testcase name="testing" classname="testcase1.Tc001_Loginwithrecords" time="0.004"/>
  <testcase name="testing" classname="testcase1.Tc001_Loginwithrecords" time="0.006"/>
  <testcase name="testing" classname="testcase1.Tc001_Loginwithrecords" time="0">
    <skipped message="Mode is N"/>
    <system-out><![CDATA[2017-12-01 18:57:31 INFO  Listners:20 - Test case passed and status is1
2017-12-01 18:57:31 INFO  Listners:14 - Test started from listner
2017-12-01 18:57:31 INFO  Listners:14 - Test started from listner
2017-12-01 18:57:31 INFO  Testbase:109 - Entered1
2017-12-01 18:57:31 INFO  Testbase:109 - ENvronment from jenkinsSIT
2017-12-01 18:57:31 INFO  Testbase:109 - Url from jenkinshttps://www.google.com
2017-12-01 18:57:31 INFO  Listners:33 - Skipped test log
]]></system-out>
  </testcase>
  <testcase name="testing" classname="testcase1.Tc001_Loginwithrecords" time="0.005"/>
  <testcase name="testing" classname="testcase1.Tc001_Loginwithrecords" time="0">
    <skipped message="Mode is N"/>
    <system-out><![CDATA[2017-12-01 18:57:31 INFO  Listners:20 - Test case passed and status is1
2017-12-01 18:57:31 INFO  Listners:14 - Test started from listner
2017-12-01 18:57:31 INFO  Listners:14 - Test started from listner
2017-12-01 18:57:31 INFO  Testbase:109 - Entered1
2017-12-01 18:57:31 INFO  Testbase:109 - ENvronment from jenkinsSIT
2017-12-01 18:57:31 INFO  Testbase:109 - Url from jenkinshttps://www.google.com
2017-12-01 18:57:31 INFO  Listners:33 - Skipped test log
]]></system-out>
  </testcase>
  <testcase name="closeBrowser" classname="testcase1.Tc001_Loginwithrecords" time="2.063">
    <failure message="chrome not reachable&#10;  (Session info: chrome=62.0.3202.94)&#10;  (Driver info: chromedriver=2.28.455520 (cc17746adff54984afff480136733114c6b3704b),platform=Windows NT 6.3.9600 x86_64) (WARNING: The server did not provide any stacktrace information)&#10;Command duration or timeout: 0 milliseconds&#10;Build info: version: &apos;3.6.0&apos;, revision: &apos;6fbf3ec767&apos;, time: &apos;2017-09-27T15:28:36.4Z&apos;&#10;System info: host: &apos;PRADEEPVK&apos;, ip: &apos;192.168.0.101&apos;, os.name: &apos;Windows 8.1&apos;, os.arch: &apos;amd64&apos;, os.version: &apos;6.3&apos;, java.version: &apos;1.8.0_73&apos;&#10;Driver info: org.openqa.selenium.chrome.ChromeDriver&#10;Capabilities [{applicationCacheEnabled=false, rotatable=false, mobileEmulationEnabled=false, networkConnectionEnabled=false, chrome={chromedriverVersion=2.28.455520 (cc17746adff54984afff480136733114c6b3704b), userDataDir=C:\Windows\TEMP\scoped_dir8852_24103}, takesHeapSnapshot=true, pageLoadStrategy=normal, unhandledPromptBehavior=, databaseEnabled=false, handlesAlerts=true, hasTouchScreen=false, version=62.0.3202.94, platform=XP, browserConnectionEnabled=false, nativeEvents=true, acceptSslCerts=true, locationContextEnabled=true, webStorageEnabled=true, browserName=chrome, takesScreenshot=true, javascriptEnabled=true, platformName=XP, cssSelectorsEnabled=true, unexpectedAlertBehaviour=}]&#10;Session ID: 922a47598135847afb54efdaeacdea4b" type="org.openqa.selenium.WebDriverException">org.openqa.selenium.WebDriverException: 
chrome not reachable
  (Session info: chrome=62.0.3202.94)
  (Driver info: chromedriver=2.28.455520 (cc17746adff54984afff480136733114c6b3704b),platform=Windows NT 6.3.9600 x86_64) (WARNING: The server did not provide any stacktrace information)
Command duration or timeout: 0 milliseconds
Build info: version: '3.6.0', revision: '6fbf3ec767', time: '2017-09-27T15:28:36.4Z'
System info: host: 'PRADEEPVK', ip: '192.168.0.101', os.name: 'Windows 8.1', os.arch: 'amd64', os.version: '6.3', java.version: '1.8.0_73'
Driver info: org.openqa.selenium.chrome.ChromeDriver
Capabilities [{applicationCacheEnabled=false, rotatable=false, mobileEmulationEnabled=false, networkConnectionEnabled=false, chrome={chromedriverVersion=2.28.455520 (cc17746adff54984afff480136733114c6b3704b), userDataDir=C:\Windows\TEMP\scoped_dir8852_24103}, takesHeapSnapshot=true, pageLoadStrategy=normal, unhandledPromptBehavior=, databaseEnabled=false, handlesAlerts=true, hasTouchScreen=false, version=62.0.3202.94, platform=XP, browserConnectionEnabled=false, nativeEvents=true, acceptSslCerts=true, locationContextEnabled=true, webStorageEnabled=true, browserName=chrome, takesScreenshot=true, javascriptEnabled=true, platformName=XP, cssSelectorsEnabled=true, unexpectedAlertBehaviour=}]
Session ID: 922a47598135847afb54efdaeacdea4b
	at testcase1.Tc001_Loginwithrecords.closeBrowser(Tc001_Loginwithrecords.java:70)
</failure>
    <system-out><![CDATA[2017-12-01 18:57:31 INFO  Listners:33 - Skipped test log
]]></system-out>
  </testcase>
</testsuite>