<?xml version="1.0" encoding="UTF-8"?>
<testng-results skipped="3" failed="0" total="6" passed="3">
  <reporter-output>
    <line>
      <![CDATA[Initialization completed-----------Now Trigerring Browser]]>
    </line>
    <line>
      <![CDATA[Browser launching]]>
    </line>
    <line>
      <![CDATA[URL opening]]>
    </line>
    <line>
      <![CDATA[back from init]]>
    </line>
    <line>
      <![CDATA[path of file found and set]]>
    </line>
    <line>
      <![CDATA[Entered1]]>
    </line>
    <line>
      <![CDATA[ENvronment from jenkinsSIT]]>
    </line>
    <line>
      <![CDATA[Url from jenkinshttps://www.google.com]]>
    </line>
    <line>
      <![CDATA[Skipped Test3]]>
    </line>
    <line>
      <![CDATA[Skipped Test3]]>
    </line>
    <line>
      <![CDATA[Entered1]]>
    </line>
    <line>
      <![CDATA[ENvronment from jenkinsSIT]]>
    </line>
    <line>
      <![CDATA[Url from jenkinshttps://www.google.com]]>
    </line>
    <line>
      <![CDATA[3.0]]>
    </line>
    <line>
      <![CDATA[4.0]]>
    </line>
    <line>
      <![CDATA[Test case passed and status is1]]>
    </line>
    <line>
      <![CDATA[Test case passed and status is1]]>
    </line>
    <line>
      <![CDATA[Entered1]]>
    </line>
    <line>
      <![CDATA[ENvronment from jenkinsSIT]]>
    </line>
    <line>
      <![CDATA[Url from jenkinshttps://www.google.com]]>
    </line>
    <line>
      <![CDATA[5.0]]>
    </line>
    <line>
      <![CDATA[6.0]]>
    </line>
    <line>
      <![CDATA[Test case passed and status is1]]>
    </line>
    <line>
      <![CDATA[Test case passed and status is1]]>
    </line>
    <line>
      <![CDATA[Entered1]]>
    </line>
    <line>
      <![CDATA[ENvronment from jenkinsSIT]]>
    </line>
    <line>
      <![CDATA[Url from jenkinshttps://www.google.com]]>
    </line>
    <line>
      <![CDATA[Skipped Test3]]>
    </line>
    <line>
      <![CDATA[Skipped Test3]]>
    </line>
    <line>
      <![CDATA[Entered1]]>
    </line>
    <line>
      <![CDATA[ENvronment from jenkinsSIT]]>
    </line>
    <line>
      <![CDATA[Url from jenkinshttps://www.google.com]]>
    </line>
    <line>
      <![CDATA[9.0]]>
    </line>
    <line>
      <![CDATA[10.0]]>
    </line>
    <line>
      <![CDATA[Test case passed and status is1]]>
    </line>
    <line>
      <![CDATA[Test case passed and status is1]]>
    </line>
    <line>
      <![CDATA[Entered1]]>
    </line>
    <line>
      <![CDATA[ENvronment from jenkinsSIT]]>
    </line>
    <line>
      <![CDATA[Url from jenkinshttps://www.google.com]]>
    </line>
    <line>
      <![CDATA[Skipped Test3]]>
    </line>
    <line>
      <![CDATA[Skipped Test3]]>
    </line>
  </reporter-output>
  <suite name="Suite" duration-ms="10995" started-at="2017-12-01T13:27:22Z" finished-at="2017-12-01T13:27:33Z">
    <groups>
    </groups>
    <test name="Test" duration-ms="10995" started-at="2017-12-01T13:27:22Z" finished-at="2017-12-01T13:27:33Z">
      <class name="testcase1.Tc001_Loginwithrecords">
        <test-method status="PASS" signature="initialize()[pri:0, instance:testcase1.Tc001_Loginwithrecords@4909b8da]" name="initialize" is-config="true" duration-ms="7624" started-at="2017-12-01T18:57:22Z" finished-at="2017-12-01T18:57:30Z">
          <reporter-output>
            <line>
              <![CDATA[Initialization completed-----------Now Trigerring Browser]]>
            </line>
            <line>
              <![CDATA[Browser launching]]>
            </line>
            <line>
              <![CDATA[URL opening]]>
            </line>
            <line>
              <![CDATA[back from init]]>
            </line>
          </reporter-output>
        </test-method> <!-- initialize -->
        <test-method status="SKIP" signature="testing(java.lang.String, java.lang.String, java.lang.String)[pri:0, instance:testcase1.Tc001_Loginwithrecords@4909b8da]" name="testing" duration-ms="7" started-at="2017-12-01T18:57:31Z" data-provider="mydata" finished-at="2017-12-01T18:57:31Z">
          <params>
            <param index="0">
              <value>
                <![CDATA[1.0]]>
              </value>
            </param>
            <param index="1">
              <value>
                <![CDATA[2.0]]>
              </value>
            </param>
            <param index="2">
              <value>
                <![CDATA[N]]>
              </value>
            </param>
          </params>
          <exception class="org.testng.SkipException">
            <message>
              <![CDATA[Mode is N]]>
            </message>
            <full-stacktrace>
              <![CDATA[org.testng.SkipException: Mode is N
	at testcase1.Tc001_Loginwithrecords.testing(Tc001_Loginwithrecords.java:55)
	at sun.reflect.NativeMethodAccessorImpl.invoke0(Native Method)
	at sun.reflect.NativeMethodAccessorImpl.invoke(NativeMethodAccessorImpl.java:62)
	at sun.reflect.DelegatingMethodAccessorImpl.invoke(DelegatingMethodAccessorImpl.java:43)
	at java.lang.reflect.Method.invoke(Method.java:497)
	at org.testng.internal.MethodInvocationHelper.invokeMethod(MethodInvocationHelper.java:80)
	at org.testng.internal.Invoker.invokeMethod(Invoker.java:714)
	at org.testng.internal.Invoker.invokeTestMethod(Invoker.java:901)
	at org.testng.internal.Invoker.invokeTestMethods(Invoker.java:1231)
	at org.testng.internal.TestMethodWorker.invokeTestMethods(TestMethodWorker.java:127)
	at org.testng.internal.TestMethodWorker.run(TestMethodWorker.java:111)
	at org.testng.TestRunner.privateRun(TestRunner.java:767)
	at org.testng.TestRunner.run(TestRunner.java:617)
	at org.testng.SuiteRunner.runTest(SuiteRunner.java:334)
	at org.testng.SuiteRunner.runSequentially(SuiteRunner.java:329)
	at org.testng.SuiteRunner.privateRun(SuiteRunner.java:291)
	at org.testng.SuiteRunner.run(SuiteRunner.java:240)
	at org.testng.SuiteRunnerWorker.runSuite(SuiteRunnerWorker.java:52)
	at org.testng.SuiteRunnerWorker.run(SuiteRunnerWorker.java:86)
	at org.testng.TestNG.runSuitesSequentially(TestNG.java:1198)
	at org.testng.TestNG.runSuitesLocally(TestNG.java:1123)
	at org.testng.TestNG.run(TestNG.java:1031)
	at org.apache.maven.surefire.testng.TestNGExecutor.run(TestNGExecutor.java:281)
	at org.apache.maven.surefire.testng.TestNGXmlTestSuite.execute(TestNGXmlTestSuite.java:75)
	at org.apache.maven.surefire.testng.TestNGProvider.invoke(TestNGProvider.java:121)
	at org.apache.maven.surefire.booter.ForkedBooter.invokeProviderInSameClassLoader(ForkedBooter.java:290)
	at org.apache.maven.surefire.booter.ForkedBooter.runSuitesInProcess(ForkedBooter.java:242)
	at org.apache.maven.surefire.booter.ForkedBooter.main(ForkedBooter.java:121)
]]>
            </full-stacktrace>
          </exception> <!-- org.testng.SkipException -->
          <reporter-output>
            <line>
              <![CDATA[Entered1]]>
            </line>
            <line>
              <![CDATA[ENvronment from jenkinsSIT]]>
            </line>
            <line>
              <![CDATA[Url from jenkinshttps://www.google.com]]>
            </line>
            <line>
              <![CDATA[Skipped Test3]]>
            </line>
            <line>
              <![CDATA[Skipped Test3]]>
            </line>
          </reporter-output>
        </test-method> <!-- testing -->
        <test-method status="PASS" signature="testing(java.lang.String, java.lang.String, java.lang.String)[pri:0, instance:testcase1.Tc001_Loginwithrecords@4909b8da]" name="testing" duration-ms="7" started-at="2017-12-01T18:57:31Z" data-provider="mydata" finished-at="2017-12-01T18:57:31Z">
          <params>
            <param index="0">
              <value>
                <![CDATA[3.0]]>
              </value>
            </param>
            <param index="1">
              <value>
                <![CDATA[4.0]]>
              </value>
            </param>
            <param index="2">
              <value>
                <![CDATA[Y]]>
              </value>
            </param>
          </params>
          <reporter-output>
            <line>
              <![CDATA[Entered1]]>
            </line>
            <line>
              <![CDATA[ENvronment from jenkinsSIT]]>
            </line>
            <line>
              <![CDATA[Url from jenkinshttps://www.google.com]]>
            </line>
            <line>
              <![CDATA[3.0]]>
            </line>
            <line>
              <![CDATA[4.0]]>
            </line>
            <line>
              <![CDATA[Test case passed and status is1]]>
            </line>
            <line>
              <![CDATA[Test case passed and status is1]]>
            </line>
          </reporter-output>
        </test-method> <!-- testing -->
        <test-method status="PASS" signature="testing(java.lang.String, java.lang.String, java.lang.String)[pri:0, instance:testcase1.Tc001_Loginwithrecords@4909b8da]" name="testing" duration-ms="6" started-at="2017-12-01T18:57:31Z" data-provider="mydata" finished-at="2017-12-01T18:57:31Z">
          <params>
            <param index="0">
              <value>
                <![CDATA[5.0]]>
              </value>
            </param>
            <param index="1">
              <value>
                <![CDATA[6.0]]>
              </value>
            </param>
            <param index="2">
              <value>
                <![CDATA[Y]]>
              </value>
            </param>
          </params>
          <reporter-output>
            <line>
              <![CDATA[Entered1]]>
            </line>
            <line>
              <![CDATA[ENvronment from jenkinsSIT]]>
            </line>
            <line>
              <![CDATA[Url from jenkinshttps://www.google.com]]>
            </line>
            <line>
              <![CDATA[5.0]]>
            </line>
            <line>
              <![CDATA[6.0]]>
            </line>
            <line>
              <![CDATA[Test case passed and status is1]]>
            </line>
            <line>
              <![CDATA[Test case passed and status is1]]>
            </line>
          </reporter-output>
        </test-method> <!-- testing -->
        <test-method status="SKIP" signature="testing(java.lang.String, java.lang.String, java.lang.String)[pri:0, instance:testcase1.Tc001_Loginwithrecords@4909b8da]" name="testing" duration-ms="8" started-at="2017-12-01T18:57:31Z" data-provider="mydata" finished-at="2017-12-01T18:57:31Z">
          <params>
            <param index="0">
              <value>
                <![CDATA[7.0]]>
              </value>
            </param>
            <param index="1">
              <value>
                <![CDATA[8.0]]>
              </value>
            </param>
            <param index="2">
              <value>
                <![CDATA[N]]>
              </value>
            </param>
          </params>
          <exception class="org.testng.SkipException">
            <message>
              <![CDATA[Mode is N]]>
            </message>
            <full-stacktrace>
              <![CDATA[org.testng.SkipException: Mode is N
	at testcase1.Tc001_Loginwithrecords.testing(Tc001_Loginwithrecords.java:55)
	at sun.reflect.NativeMethodAccessorImpl.invoke0(Native Method)
	at sun.reflect.NativeMethodAccessorImpl.invoke(NativeMethodAccessorImpl.java:62)
	at sun.reflect.DelegatingMethodAccessorImpl.invoke(DelegatingMethodAccessorImpl.java:43)
	at java.lang.reflect.Method.invoke(Method.java:497)
	at org.testng.internal.MethodInvocationHelper.invokeMethod(MethodInvocationHelper.java:80)
	at org.testng.internal.Invoker.invokeMethod(Invoker.java:714)
	at org.testng.internal.Invoker.invokeTestMethod(Invoker.java:901)
	at org.testng.internal.Invoker.invokeTestMethods(Invoker.java:1231)
	at org.testng.internal.TestMethodWorker.invokeTestMethods(TestMethodWorker.java:127)
	at org.testng.internal.TestMethodWorker.run(TestMethodWorker.java:111)
	at org.testng.TestRunner.privateRun(TestRunner.java:767)
	at org.testng.TestRunner.run(TestRunner.java:617)
	at org.testng.SuiteRunner.runTest(SuiteRunner.java:334)
	at org.testng.SuiteRunner.runSequentially(SuiteRunner.java:329)
	at org.testng.SuiteRunner.privateRun(SuiteRunner.java:291)
	at org.testng.SuiteRunner.run(SuiteRunner.java:240)
	at org.testng.SuiteRunnerWorker.runSuite(SuiteRunnerWorker.java:52)
	at org.testng.SuiteRunnerWorker.run(SuiteRunnerWorker.java:86)
	at org.testng.TestNG.runSuitesSequentially(TestNG.java:1198)
	at org.testng.TestNG.runSuitesLocally(TestNG.java:1123)
	at org.testng.TestNG.run(TestNG.java:1031)
	at org.apache.maven.surefire.testng.TestNGExecutor.run(TestNGExecutor.java:281)
	at org.apache.maven.surefire.testng.TestNGXmlTestSuite.execute(TestNGXmlTestSuite.java:75)
	at org.apache.maven.surefire.testng.TestNGProvider.invoke(TestNGProvider.java:121)
	at org.apache.maven.surefire.booter.ForkedBooter.invokeProviderInSameClassLoader(ForkedBooter.java:290)
	at org.apache.maven.surefire.booter.ForkedBooter.runSuitesInProcess(ForkedBooter.java:242)
	at org.apache.maven.surefire.booter.ForkedBooter.main(ForkedBooter.java:121)
]]>
            </full-stacktrace>
          </exception> <!-- org.testng.SkipException -->
          <reporter-output>
            <line>
              <![CDATA[Entered1]]>
            </line>
            <line>
              <![CDATA[ENvronment from jenkinsSIT]]>
            </line>
            <line>
              <![CDATA[Url from jenkinshttps://www.google.com]]>
            </line>
            <line>
              <![CDATA[Skipped Test3]]>
            </line>
            <line>
              <![CDATA[Skipped Test3]]>
            </line>
          </reporter-output>
        </test-method> <!-- testing -->
        <test-method status="PASS" signature="testing(java.lang.String, java.lang.String, java.lang.String)[pri:0, instance:testcase1.Tc001_Loginwithrecords@4909b8da]" name="testing" duration-ms="5" started-at="2017-12-01T18:57:31Z" data-provider="mydata" finished-at="2017-12-01T18:57:31Z">
          <params>
            <param index="0">
              <value>
                <![CDATA[9.0]]>
              </value>
            </param>
            <param index="1">
              <value>
                <![CDATA[10.0]]>
              </value>
            </param>
            <param index="2">
              <value>
                <![CDATA[Y]]>
              </value>
            </param>
          </params>
          <reporter-output>
            <line>
              <![CDATA[Entered1]]>
            </line>
            <line>
              <![CDATA[ENvronment from jenkinsSIT]]>
            </line>
            <line>
              <![CDATA[Url from jenkinshttps://www.google.com]]>
            </line>
            <line>
              <![CDATA[9.0]]>
            </line>
            <line>
              <![CDATA[10.0]]>
            </line>
            <line>
              <![CDATA[Test case passed and status is1]]>
            </line>
            <line>
              <![CDATA[Test case passed and status is1]]>
            </line>
          </reporter-output>
        </test-method> <!-- testing -->
        <test-method status="SKIP" signature="testing(java.lang.String, java.lang.String, java.lang.String)[pri:0, instance:testcase1.Tc001_Loginwithrecords@4909b8da]" name="testing" duration-ms="5" started-at="2017-12-01T18:57:31Z" data-provider="mydata" finished-at="2017-12-01T18:57:31Z">
          <params>
            <param index="0">
              <value>
                <![CDATA[11.0]]>
              </value>
            </param>
            <param index="1">
              <value>
                <![CDATA[12.0]]>
              </value>
            </param>
            <param index="2">
              <value>
                <![CDATA[N]]>
              </value>
            </param>
          </params>
          <exception class="org.testng.SkipException">
            <message>
              <![CDATA[Mode is N]]>
            </message>
            <full-stacktrace>
              <![CDATA[org.testng.SkipException: Mode is N
	at testcase1.Tc001_Loginwithrecords.testing(Tc001_Loginwithrecords.java:55)
	at sun.reflect.NativeMethodAccessorImpl.invoke0(Native Method)
	at sun.reflect.NativeMethodAccessorImpl.invoke(NativeMethodAccessorImpl.java:62)
	at sun.reflect.DelegatingMethodAccessorImpl.invoke(DelegatingMethodAccessorImpl.java:43)
	at java.lang.reflect.Method.invoke(Method.java:497)
	at org.testng.internal.MethodInvocationHelper.invokeMethod(MethodInvocationHelper.java:80)
	at org.testng.internal.Invoker.invokeMethod(Invoker.java:714)
	at org.testng.internal.Invoker.invokeTestMethod(Invoker.java:901)
	at org.testng.internal.Invoker.invokeTestMethods(Invoker.java:1231)
	at org.testng.internal.TestMethodWorker.invokeTestMethods(TestMethodWorker.java:127)
	at org.testng.internal.TestMethodWorker.run(TestMethodWorker.java:111)
	at org.testng.TestRunner.privateRun(TestRunner.java:767)
	at org.testng.TestRunner.run(TestRunner.java:617)
	at org.testng.SuiteRunner.runTest(SuiteRunner.java:334)
	at org.testng.SuiteRunner.runSequentially(SuiteRunner.java:329)
	at org.testng.SuiteRunner.privateRun(SuiteRunner.java:291)
	at org.testng.SuiteRunner.run(SuiteRunner.java:240)
	at org.testng.SuiteRunnerWorker.runSuite(SuiteRunnerWorker.java:52)
	at org.testng.SuiteRunnerWorker.run(SuiteRunnerWorker.java:86)
	at org.testng.TestNG.runSuitesSequentially(TestNG.java:1198)
	at org.testng.TestNG.runSuitesLocally(TestNG.java:1123)
	at org.testng.TestNG.run(TestNG.java:1031)
	at org.apache.maven.surefire.testng.TestNGExecutor.run(TestNGExecutor.java:281)
	at org.apache.maven.surefire.testng.TestNGXmlTestSuite.execute(TestNGXmlTestSuite.java:75)
	at org.apache.maven.surefire.testng.TestNGProvider.invoke(TestNGProvider.java:121)
	at org.apache.maven.surefire.booter.ForkedBooter.invokeProviderInSameClassLoader(ForkedBooter.java:290)
	at org.apache.maven.surefire.booter.ForkedBooter.runSuitesInProcess(ForkedBooter.java:242)
	at org.apache.maven.surefire.booter.ForkedBooter.main(ForkedBooter.java:121)
]]>
            </full-stacktrace>
          </exception> <!-- org.testng.SkipException -->
          <reporter-output>
            <line>
              <![CDATA[Entered1]]>
            </line>
            <line>
              <![CDATA[ENvronment from jenkinsSIT]]>
            </line>
            <line>
              <![CDATA[Url from jenkinshttps://www.google.com]]>
            </line>
            <line>
              <![CDATA[Skipped Test3]]>
            </line>
            <line>
              <![CDATA[Skipped Test3]]>
            </line>
          </reporter-output>
        </test-method> <!-- testing -->
        <test-method status="FAIL" signature="closeBrowser()[pri:0, instance:testcase1.Tc001_Loginwithrecords@4909b8da]" name="closeBrowser" is-config="true" duration-ms="0" started-at="2017-12-01T18:57:31Z" finished-at="2017-12-01T18:57:31Z">
          <exception class="org.openqa.selenium.WebDriverException">
            <message>
              <![CDATA[chrome not reachable
  (Session info: chrome=62.0.3202.94)
  (Driver info: chromedriver=2.28.455520 (cc17746adff54984afff480136733114c6b3704b),platform=Windows NT 6.3.9600 x86_64) (WARNING: The server did not provide any stacktrace information)
Command duration or timeout: 0 milliseconds
Build info: version: '3.6.0', revision: '6fbf3ec767', time: '2017-09-27T15:28:36.4Z'
System info: host: 'PRADEEPVK', ip: '192.168.0.101', os.name: 'Windows 8.1', os.arch: 'amd64', os.version: '6.3', java.version: '1.8.0_73'
Driver info: org.openqa.selenium.chrome.ChromeDriver
Capabilities [{applicationCacheEnabled=false, rotatable=false, mobileEmulationEnabled=false, networkConnectionEnabled=false, chrome={chromedriverVersion=2.28.455520 (cc17746adff54984afff480136733114c6b3704b), userDataDir=C:\Windows\TEMP\scoped_dir8852_24103}, takesHeapSnapshot=true, pageLoadStrategy=normal, unhandledPromptBehavior=, databaseEnabled=false, handlesAlerts=true, hasTouchScreen=false, version=62.0.3202.94, platform=XP, browserConnectionEnabled=false, nativeEvents=true, acceptSslCerts=true, locationContextEnabled=true, webStorageEnabled=true, browserName=chrome, takesScreenshot=true, javascriptEnabled=true, platformName=XP, cssSelectorsEnabled=true, unexpectedAlertBehaviour=}]
Session ID: 922a47598135847afb54efdaeacdea4b]]>
            </message>
            <full-stacktrace>
              <![CDATA[org.openqa.selenium.WebDriverException: chrome not reachable
  (Session info: chrome=62.0.3202.94)
  (Driver info: chromedriver=2.28.455520 (cc17746adff54984afff480136733114c6b3704b),platform=Windows NT 6.3.9600 x86_64) (WARNING: The server did not provide any stacktrace information)
Command duration or timeout: 0 milliseconds
Build info: version: '3.6.0', revision: '6fbf3ec767', time: '2017-09-27T15:28:36.4Z'
System info: host: 'PRADEEPVK', ip: '192.168.0.101', os.name: 'Windows 8.1', os.arch: 'amd64', os.version: '6.3', java.version: '1.8.0_73'
Driver info: org.openqa.selenium.chrome.ChromeDriver
Capabilities [{applicationCacheEnabled=false, rotatable=false, mobileEmulationEnabled=false, networkConnectionEnabled=false, chrome={chromedriverVersion=2.28.455520 (cc17746adff54984afff480136733114c6b3704b), userDataDir=C:\Windows\TEMP\scoped_dir8852_24103}, takesHeapSnapshot=true, pageLoadStrategy=normal, unhandledPromptBehavior=, databaseEnabled=false, handlesAlerts=true, hasTouchScreen=false, version=62.0.3202.94, platform=XP, browserConnectionEnabled=false, nativeEvents=true, acceptSslCerts=true, locationContextEnabled=true, webStorageEnabled=true, browserName=chrome, takesScreenshot=true, javascriptEnabled=true, platformName=XP, cssSelectorsEnabled=true, unexpectedAlertBehaviour=}]
Session ID: 922a47598135847afb54efdaeacdea4b
	at sun.reflect.NativeConstructorAccessorImpl.newInstance0(Native Method)
	at sun.reflect.NativeConstructorAccessorImpl.newInstance(NativeConstructorAccessorImpl.java:62)
	at sun.reflect.DelegatingConstructorAccessorImpl.newInstance(DelegatingConstructorAccessorImpl.java:45)
	at java.lang.reflect.Constructor.newInstance(Constructor.java:422)
	at org.openqa.selenium.remote.ErrorHandler.createThrowable(ErrorHandler.java:214)
	at org.openqa.selenium.remote.ErrorHandler.throwIfResponseFailed(ErrorHandler.java:166)
	at org.openqa.selenium.remote.http.JsonHttpResponseCodec.reconstructValue(JsonHttpResponseCodec.java:40)
	at org.openqa.selenium.remote.http.AbstractHttpResponseCodec.decode(AbstractHttpResponseCodec.java:82)
	at org.openqa.selenium.remote.http.AbstractHttpResponseCodec.decode(AbstractHttpResponseCodec.java:45)
	at org.openqa.selenium.remote.HttpCommandExecutor.execute(HttpCommandExecutor.java:164)
	at org.openqa.selenium.remote.service.DriverCommandExecutor.execute(DriverCommandExecutor.java:83)
	at org.openqa.selenium.remote.RemoteWebDriver.execute(RemoteWebDriver.java:586)
	at org.openqa.selenium.remote.RemoteWebDriver.execute(RemoteWebDriver.java:643)
	at org.openqa.selenium.remote.RemoteWebDriver.close(RemoteWebDriver.java:472)
	at testbase.Testbase.closeall(Testbase.java:77)
	at testcase1.Tc001_Loginwithrecords.closeBrowser(Tc001_Loginwithrecords.java:70)
	at sun.reflect.NativeMethodAccessorImpl.invoke0(Native Method)
	at sun.reflect.NativeMethodAccessorImpl.invoke(NativeMethodAccessorImpl.java:62)
	at sun.reflect.DelegatingMethodAccessorImpl.invoke(DelegatingMethodAccessorImpl.java:43)
	at java.lang.reflect.Method.invoke(Method.java:497)
	at org.testng.internal.MethodInvocationHelper.invokeMethod(MethodInvocationHelper.java:80)
	at org.testng.internal.Invoker.invokeConfigurationMethod(Invoker.java:564)
	at org.testng.internal.Invoker.invokeConfigurations(Invoker.java:213)
	at org.testng.internal.Invoker.invokeConfigurations(Invoker.java:138)
	at org.testng.TestRunner.afterRun(TestRunner.java:1021)
	at org.testng.TestRunner.run(TestRunner.java:621)
	at org.testng.SuiteRunner.runTest(SuiteRunner.java:334)
	at org.testng.SuiteRunner.runSequentially(SuiteRunner.java:329)
	at org.testng.SuiteRunner.privateRun(SuiteRunner.java:291)
	at org.testng.SuiteRunner.run(SuiteRunner.java:240)
	at org.testng.SuiteRunnerWorker.runSuite(SuiteRunnerWorker.java:52)
	at org.testng.SuiteRunnerWorker.run(SuiteRunnerWorker.java:86)
	at org.testng.TestNG.runSuitesSequentially(TestNG.java:1198)
	at org.testng.TestNG.runSuitesLocally(TestNG.java:1123)
	at org.testng.TestNG.run(TestNG.java:1031)
	at org.apache.maven.surefire.testng.TestNGExecutor.run(TestNGExecutor.java:281)
	at org.apache.maven.surefire.testng.TestNGXmlTestSuite.execute(TestNGXmlTestSuite.java:75)
	at org.apache.maven.surefire.testng.TestNGProvider.invoke(TestNGProvider.java:121)
	at org.apache.maven.surefire.booter.ForkedBooter.invokeProviderInSameClassLoader(ForkedBooter.java:290)
	at org.apache.maven.surefire.booter.ForkedBooter.runSuitesInProcess(ForkedBooter.java:242)
	at org.apache.maven.surefire.booter.ForkedBooter.main(ForkedBooter.java:121)
]]>
            </full-stacktrace>
          </exception> <!-- org.openqa.selenium.WebDriverException -->
          <reporter-output>
          </reporter-output>
        </test-method> <!-- closeBrowser -->
      </class> <!-- testcase1.Tc001_Loginwithrecords -->
    </test> <!-- Test -->
  </suite> <!-- Suite -->
</testng-results>
