<?xml version="1.0" encoding="UTF-8"?>
<testng-results skipped="12" failed="0" total="12" passed="0">
  <reporter-output>
  </reporter-output>
  <suite name="Regression Suite" duration-ms="13039" started-at="2017-12-15T17:29:09Z" finished-at="2017-12-15T17:29:22Z">
    <groups>
    </groups>
    <test name="HomePageTest" duration-ms="7735" started-at="2017-12-15T17:29:09Z" finished-at="2017-12-15T17:29:17Z">
      <class name="com.test.automation.uiAutomation.homepage.TC003_VerifyLoginWithDifferentRecords">
        <test-method status="SKIP" signature="setUp()[pri:0, instance:com.test.automation.uiAutomation.homepage.TC003_VerifyLoginWithDifferentRecords@319b92f3]" name="setUp" is-config="true" duration-ms="0" started-at="2017-12-15T22:59:16Z" finished-at="2017-12-15T22:59:16Z">
          <reporter-output>
          </reporter-output>
        </test-method> <!-- setUp -->
        <test-method status="SKIP" signature="beforeMethod(java.lang.reflect.Method)[pri:0, instance:com.test.automation.uiAutomation.homepage.TC003_VerifyLoginWithDifferentRecords@319b92f3]" name="beforeMethod" is-config="true" duration-ms="0" started-at="2017-12-15T22:59:17Z" finished-at="2017-12-15T22:59:17Z">
          <reporter-output>
          </reporter-output>
        </test-method> <!-- beforeMethod -->
        <test-method status="SKIP" signature="verifyLoginWithDifferentRecords(java.lang.String, java.lang.String, java.lang.String)[pri:0, instance:com.test.automation.uiAutomation.homepage.TC003_VerifyLoginWithDifferentRecords@319b92f3]" name="verifyLoginWithDifferentRecords" duration-ms="1" started-at="2017-12-15T22:59:17Z" data-provider="loginData" finished-at="2017-12-15T22:59:17Z">
          <params>
            <param index="0">
              <value>
                <![CDATA[automation@gmail.com]]>
              </value>
            </param>
            <param index="1">
              <value>
                <![CDATA[password]]>
              </value>
            </param>
            <param index="2">
              <value>
                <![CDATA[y]]>
              </value>
            </param>
          </params>
          <reporter-output>
          </reporter-output>
        </test-method> <!-- verifyLoginWithDifferentRecords -->
        <test-method status="SKIP" signature="afterMethod(org.testng.ITestResult)[pri:0, instance:com.test.automation.uiAutomation.homepage.TC003_VerifyLoginWithDifferentRecords@319b92f3]" name="afterMethod" is-config="true" duration-ms="0" started-at="2017-12-15T22:59:17Z" finished-at="2017-12-15T22:59:17Z">
          <reporter-output>
          </reporter-output>
        </test-method> <!-- afterMethod -->
        <test-method status="SKIP" signature="beforeMethod(java.lang.reflect.Method)[pri:0, instance:com.test.automation.uiAutomation.homepage.TC003_VerifyLoginWithDifferentRecords@319b92f3]" name="beforeMethod" is-config="true" duration-ms="0" started-at="2017-12-15T22:59:17Z" finished-at="2017-12-15T22:59:17Z">
          <reporter-output>
          </reporter-output>
        </test-method> <!-- beforeMethod -->
        <test-method status="SKIP" signature="verifyLoginWithDifferentRecords(java.lang.String, java.lang.String, java.lang.String)[pri:0, instance:com.test.automation.uiAutomation.homepage.TC003_VerifyLoginWithDifferentRecords@319b92f3]" name="verifyLoginWithDifferentRecords" duration-ms="0" started-at="2017-12-15T22:59:17Z" data-provider="loginData" finished-at="2017-12-15T22:59:17Z">
          <params>
            <param index="0">
              <value>
                <![CDATA[automation@gmail.com]]>
              </value>
            </param>
            <param index="1">
              <value>
                <![CDATA[password]]>
              </value>
            </param>
            <param index="2">
              <value>
                <![CDATA[n]]>
              </value>
            </param>
          </params>
          <reporter-output>
          </reporter-output>
        </test-method> <!-- verifyLoginWithDifferentRecords -->
        <test-method status="SKIP" signature="verifyLoginWithDifferentRecords(java.lang.String, java.lang.String, java.lang.String)[pri:0, instance:com.test.automation.uiAutomation.homepage.TC003_VerifyLoginWithDifferentRecords@319b92f3]" name="verifyLoginWithDifferentRecords" duration-ms="0" started-at="2017-12-15T22:59:17Z" data-provider="loginData" finished-at="2017-12-15T22:59:17Z">
          <params>
            <param index="0">
              <value>
                <![CDATA[automation@gmail.com]]>
              </value>
            </param>
            <param index="1">
              <value>
                <![CDATA[password]]>
              </value>
            </param>
            <param index="2">
              <value>
                <![CDATA[y]]>
              </value>
            </param>
          </params>
          <reporter-output>
          </reporter-output>
        </test-method> <!-- verifyLoginWithDifferentRecords -->
        <test-method status="SKIP" signature="beforeMethod(java.lang.reflect.Method)[pri:0, instance:com.test.automation.uiAutomation.homepage.TC003_VerifyLoginWithDifferentRecords@319b92f3]" name="beforeMethod" is-config="true" duration-ms="0" started-at="2017-12-15T22:59:17Z" finished-at="2017-12-15T22:59:17Z">
          <reporter-output>
          </reporter-output>
        </test-method> <!-- beforeMethod -->
        <test-method status="SKIP" signature="afterMethod(org.testng.ITestResult)[pri:0, instance:com.test.automation.uiAutomation.homepage.TC003_VerifyLoginWithDifferentRecords@319b92f3]" name="afterMethod" is-config="true" duration-ms="0" started-at="2017-12-15T22:59:17Z" finished-at="2017-12-15T22:59:17Z">
          <reporter-output>
          </reporter-output>
        </test-method> <!-- afterMethod -->
        <test-method status="SKIP" signature="beforeMethod(java.lang.reflect.Method)[pri:0, instance:com.test.automation.uiAutomation.homepage.TC003_VerifyLoginWithDifferentRecords@319b92f3]" name="beforeMethod" is-config="true" duration-ms="0" started-at="2017-12-15T22:59:17Z" finished-at="2017-12-15T22:59:17Z">
          <reporter-output>
          </reporter-output>
        </test-method> <!-- beforeMethod -->
        <test-method status="SKIP" signature="verifyLoginWithDifferentRecords(java.lang.String, java.lang.String, java.lang.String)[pri:0, instance:com.test.automation.uiAutomation.homepage.TC003_VerifyLoginWithDifferentRecords@319b92f3]" name="verifyLoginWithDifferentRecords" duration-ms="4" started-at="2017-12-15T22:59:17Z" data-provider="loginData" finished-at="2017-12-15T22:59:17Z">
          <params>
            <param index="0">
              <value>
                <![CDATA[automation@gmail.com]]>
              </value>
            </param>
            <param index="1">
              <value>
                <![CDATA[password]]>
              </value>
            </param>
            <param index="2">
              <value>
                <![CDATA[n]]>
              </value>
            </param>
          </params>
          <reporter-output>
          </reporter-output>
        </test-method> <!-- verifyLoginWithDifferentRecords -->
        <test-method status="SKIP" signature="afterMethod(org.testng.ITestResult)[pri:0, instance:com.test.automation.uiAutomation.homepage.TC003_VerifyLoginWithDifferentRecords@319b92f3]" name="afterMethod" is-config="true" duration-ms="0" started-at="2017-12-15T22:59:17Z" finished-at="2017-12-15T22:59:17Z">
          <reporter-output>
          </reporter-output>
        </test-method> <!-- afterMethod -->
        <test-method status="SKIP" signature="afterMethod(org.testng.ITestResult)[pri:0, instance:com.test.automation.uiAutomation.homepage.TC003_VerifyLoginWithDifferentRecords@319b92f3]" name="afterMethod" is-config="true" duration-ms="0" started-at="2017-12-15T22:59:17Z" finished-at="2017-12-15T22:59:17Z">
          <reporter-output>
          </reporter-output>
        </test-method> <!-- afterMethod -->
        <test-method status="SKIP" signature="beforeMethod(java.lang.reflect.Method)[pri:0, instance:com.test.automation.uiAutomation.homepage.TC003_VerifyLoginWithDifferentRecords@319b92f3]" name="beforeMethod" is-config="true" duration-ms="0" started-at="2017-12-15T22:59:17Z" finished-at="2017-12-15T22:59:17Z">
          <reporter-output>
          </reporter-output>
        </test-method> <!-- beforeMethod -->
        <test-method status="SKIP" signature="verifyLoginWithDifferentRecords(java.lang.String, java.lang.String, java.lang.String)[pri:0, instance:com.test.automation.uiAutomation.homepage.TC003_VerifyLoginWithDifferentRecords@319b92f3]" name="verifyLoginWithDifferentRecords" duration-ms="1" started-at="2017-12-15T22:59:17Z" data-provider="loginData" finished-at="2017-12-15T22:59:17Z">
          <params>
            <param index="0">
              <value>
                <![CDATA[automation@gmail.com]]>
              </value>
            </param>
            <param index="1">
              <value>
                <![CDATA[password]]>
              </value>
            </param>
            <param index="2">
              <value>
                <![CDATA[n]]>
              </value>
            </param>
          </params>
          <reporter-output>
          </reporter-output>
        </test-method> <!-- verifyLoginWithDifferentRecords -->
        <test-method status="SKIP" signature="beforeMethod(java.lang.reflect.Method)[pri:0, instance:com.test.automation.uiAutomation.homepage.TC003_VerifyLoginWithDifferentRecords@319b92f3]" name="beforeMethod" is-config="true" duration-ms="0" started-at="2017-12-15T22:59:17Z" finished-at="2017-12-15T22:59:17Z">
          <reporter-output>
          </reporter-output>
        </test-method> <!-- beforeMethod -->
        <test-method status="SKIP" signature="afterMethod(org.testng.ITestResult)[pri:0, instance:com.test.automation.uiAutomation.homepage.TC003_VerifyLoginWithDifferentRecords@319b92f3]" name="afterMethod" is-config="true" duration-ms="0" started-at="2017-12-15T22:59:17Z" finished-at="2017-12-15T22:59:17Z">
          <reporter-output>
          </reporter-output>
        </test-method> <!-- afterMethod -->
        <test-method status="SKIP" signature="verifyLoginWithDifferentRecords(java.lang.String, java.lang.String, java.lang.String)[pri:0, instance:com.test.automation.uiAutomation.homepage.TC003_VerifyLoginWithDifferentRecords@319b92f3]" name="verifyLoginWithDifferentRecords" duration-ms="0" started-at="2017-12-15T22:59:17Z" data-provider="loginData" finished-at="2017-12-15T22:59:17Z">
          <params>
            <param index="0">
              <value>
                <![CDATA[automation@gmail.com]]>
              </value>
            </param>
            <param index="1">
              <value>
                <![CDATA[password]]>
              </value>
            </param>
            <param index="2">
              <value>
                <![CDATA[n]]>
              </value>
            </param>
          </params>
          <reporter-output>
          </reporter-output>
        </test-method> <!-- verifyLoginWithDifferentRecords -->
        <test-method status="SKIP" signature="verifyLoginWithDifferentRecords(java.lang.String, java.lang.String, java.lang.String)[pri:0, instance:com.test.automation.uiAutomation.homepage.TC003_VerifyLoginWithDifferentRecords@319b92f3]" name="verifyLoginWithDifferentRecords" duration-ms="0" started-at="2017-12-15T22:59:17Z" data-provider="loginData" finished-at="2017-12-15T22:59:17Z">
          <params>
            <param index="0">
              <value>
                <![CDATA[automation@gmail.com]]>
              </value>
            </param>
            <param index="1">
              <value>
                <![CDATA[password]]>
              </value>
            </param>
            <param index="2">
              <value>
                <![CDATA[y]]>
              </value>
            </param>
          </params>
          <reporter-output>
          </reporter-output>
        </test-method> <!-- verifyLoginWithDifferentRecords -->
        <test-method status="SKIP" signature="beforeMethod(java.lang.reflect.Method)[pri:0, instance:com.test.automation.uiAutomation.homepage.TC003_VerifyLoginWithDifferentRecords@319b92f3]" name="beforeMethod" is-config="true" duration-ms="0" started-at="2017-12-15T22:59:17Z" finished-at="2017-12-15T22:59:17Z">
          <reporter-output>
          </reporter-output>
        </test-method> <!-- beforeMethod -->
        <test-method status="SKIP" signature="afterMethod(org.testng.ITestResult)[pri:0, instance:com.test.automation.uiAutomation.homepage.TC003_VerifyLoginWithDifferentRecords@319b92f3]" name="afterMethod" is-config="true" duration-ms="0" started-at="2017-12-15T22:59:17Z" finished-at="2017-12-15T22:59:17Z">
          <reporter-output>
          </reporter-output>
        </test-method> <!-- afterMethod -->
        <test-method status="SKIP" signature="afterMethod(org.testng.ITestResult)[pri:0, instance:com.test.automation.uiAutomation.homepage.TC003_VerifyLoginWithDifferentRecords@319b92f3]" name="afterMethod" is-config="true" duration-ms="0" started-at="2017-12-15T22:59:17Z" finished-at="2017-12-15T22:59:17Z">
          <reporter-output>
          </reporter-output>
        </test-method> <!-- afterMethod -->
        <test-method status="PASS" signature="endTest()[pri:0, instance:com.test.automation.uiAutomation.homepage.TC003_VerifyLoginWithDifferentRecords@319b92f3]" name="endTest" is-config="true" duration-ms="0" started-at="2017-12-15T22:59:17Z" finished-at="2017-12-15T22:59:17Z">
          <reporter-output>
          </reporter-output>
        </test-method> <!-- endTest -->
      </class> <!-- com.test.automation.uiAutomation.homepage.TC003_VerifyLoginWithDifferentRecords -->
      <class name="com.test.automation.uiAutomation.addToCart.TC001_VerifyAaddToCart">
        <test-method status="SKIP" signature="setUp()[pri:0, instance:com.test.automation.uiAutomation.addToCart.TC001_VerifyAaddToCart@27d415d9]" name="setUp" is-config="true" duration-ms="0" started-at="2017-12-15T22:59:17Z" finished-at="2017-12-15T22:59:17Z">
          <reporter-output>
          </reporter-output>
        </test-method> <!-- setUp -->
        <test-method status="PASS" signature="endTest()[pri:0, instance:com.test.automation.uiAutomation.addToCart.TC001_VerifyAaddToCart@27d415d9]" name="endTest" is-config="true" duration-ms="0" started-at="2017-12-15T22:59:17Z" finished-at="2017-12-15T22:59:17Z">
          <reporter-output>
          </reporter-output>
        </test-method> <!-- endTest -->
        <test-method status="SKIP" signature="verifyAaddToCart()[pri:0, instance:com.test.automation.uiAutomation.addToCart.TC001_VerifyAaddToCart@27d415d9]" name="verifyAaddToCart" duration-ms="0" started-at="2017-12-15T22:59:17Z" finished-at="2017-12-15T22:59:17Z">
          <reporter-output>
          </reporter-output>
        </test-method> <!-- verifyAaddToCart -->
        <test-method status="SKIP" signature="beforeMethod(java.lang.reflect.Method)[pri:0, instance:com.test.automation.uiAutomation.addToCart.TC001_VerifyAaddToCart@27d415d9]" name="beforeMethod" is-config="true" duration-ms="0" started-at="2017-12-15T22:59:17Z" finished-at="2017-12-15T22:59:17Z">
          <reporter-output>
          </reporter-output>
        </test-method> <!-- beforeMethod -->
        <test-method status="SKIP" signature="afterMethod(org.testng.ITestResult)[pri:0, instance:com.test.automation.uiAutomation.addToCart.TC001_VerifyAaddToCart@27d415d9]" name="afterMethod" is-config="true" duration-ms="0" started-at="2017-12-15T22:59:17Z" finished-at="2017-12-15T22:59:17Z">
          <reporter-output>
          </reporter-output>
        </test-method> <!-- afterMethod -->
      </class> <!-- com.test.automation.uiAutomation.addToCart.TC001_VerifyAaddToCart -->
      <class name="com.test.automation.uiAutomation.homepage.TC002_VerifyRegistration">
        <test-method status="FAIL" signature="setUp()[pri:0, instance:com.test.automation.uiAutomation.homepage.TC002_VerifyRegistration@481a15ff]" name="setUp" is-config="true" duration-ms="0" started-at="2017-12-15T22:59:09Z" finished-at="2017-12-15T22:59:09Z">
          <exception class="org.openqa.selenium.WebDriverException">
            <message>
              <![CDATA[unknown error: cannot get automation extension
from chrome not reachable
  (Session info: chrome=63.0.3239.84)
  (Driver info: chromedriver=2.28.455520 (cc17746adff54984afff480136733114c6b3704b),platform=Windows NT 6.3.9600 x86_64) (WARNING: The server did not provide any stacktrace information)
Command duration or timeout: 2.18 seconds
Build info: version: '3.0.1', revision: '1969d75', time: '2016-10-18 09:49:13 -0700'
System info: host: 'PradeepVK', ip: '192.168.0.102', os.name: 'Windows 8.1', os.arch: 'amd64', os.version: '6.3', java.version: '1.8.0_73'
Driver info: org.openqa.selenium.chrome.ChromeDriver
Capabilities [{applicationCacheEnabled=false, rotatable=false, mobileEmulationEnabled=false, networkConnectionEnabled=false, chrome={chromedriverVersion=2.28.455520 (cc17746adff54984afff480136733114c6b3704b), userDataDir=C:\Windows\TEMP\scoped_dir7132_9658}, takesHeapSnapshot=true, pageLoadStrategy=normal, databaseEnabled=false, handlesAlerts=true, hasTouchScreen=false, version=63.0.3239.84, platform=WIN8_1, browserConnectionEnabled=false, nativeEvents=true, acceptSslCerts=true, locationContextEnabled=true, webStorageEnabled=true, browserName=chrome, takesScreenshot=true, javascriptEnabled=true, cssSelectorsEnabled=true, unexpectedAlertBehaviour=}]
Session ID: 8951d4e105e10ce2a38ff12c28bddfb2]]>
            </message>
            <full-stacktrace>
              <![CDATA[org.openqa.selenium.WebDriverException: unknown error: cannot get automation extension
from chrome not reachable
  (Session info: chrome=63.0.3239.84)
  (Driver info: chromedriver=2.28.455520 (cc17746adff54984afff480136733114c6b3704b),platform=Windows NT 6.3.9600 x86_64) (WARNING: The server did not provide any stacktrace information)
Command duration or timeout: 2.18 seconds
Build info: version: '3.0.1', revision: '1969d75', time: '2016-10-18 09:49:13 -0700'
System info: host: 'PradeepVK', ip: '192.168.0.102', os.name: 'Windows 8.1', os.arch: 'amd64', os.version: '6.3', java.version: '1.8.0_73'
Driver info: org.openqa.selenium.chrome.ChromeDriver
Capabilities [{applicationCacheEnabled=false, rotatable=false, mobileEmulationEnabled=false, networkConnectionEnabled=false, chrome={chromedriverVersion=2.28.455520 (cc17746adff54984afff480136733114c6b3704b), userDataDir=C:\Windows\TEMP\scoped_dir7132_9658}, takesHeapSnapshot=true, pageLoadStrategy=normal, databaseEnabled=false, handlesAlerts=true, hasTouchScreen=false, version=63.0.3239.84, platform=WIN8_1, browserConnectionEnabled=false, nativeEvents=true, acceptSslCerts=true, locationContextEnabled=true, webStorageEnabled=true, browserName=chrome, takesScreenshot=true, javascriptEnabled=true, cssSelectorsEnabled=true, unexpectedAlertBehaviour=}]
Session ID: 8951d4e105e10ce2a38ff12c28bddfb2
	at sun.reflect.NativeConstructorAccessorImpl.newInstance0(Native Method)
	at sun.reflect.NativeConstructorAccessorImpl.newInstance(Unknown Source)
	at sun.reflect.DelegatingConstructorAccessorImpl.newInstance(Unknown Source)
	at java.lang.reflect.Constructor.newInstance(Unknown Source)
	at org.openqa.selenium.remote.ErrorHandler.createThrowable(ErrorHandler.java:216)
	at org.openqa.selenium.remote.ErrorHandler.throwIfResponseFailed(ErrorHandler.java:168)
	at org.openqa.selenium.remote.RemoteWebDriver.execute(RemoteWebDriver.java:635)
	at org.openqa.selenium.remote.RemoteWebDriver.execute(RemoteWebDriver.java:658)
	at org.openqa.selenium.remote.RemoteWebDriver$RemoteWebDriverOptions$RemoteWindow.maximize(RemoteWebDriver.java:882)
	at com.test.automation.uiAutomation.testBase.TestBase.getUrl(TestBase.java:136)
	at com.test.automation.uiAutomation.testBase.TestBase.init(TestBase.java:91)
	at com.test.automation.uiAutomation.homepage.TC002_VerifyRegistration.setUp(TC002_VerifyRegistration.java:29)
	at sun.reflect.NativeMethodAccessorImpl.invoke0(Native Method)
	at sun.reflect.NativeMethodAccessorImpl.invoke(Unknown Source)
	at sun.reflect.DelegatingMethodAccessorImpl.invoke(Unknown Source)
	at java.lang.reflect.Method.invoke(Unknown Source)
	at org.testng.internal.MethodInvocationHelper.invokeMethod(MethodInvocationHelper.java:80)
	at org.testng.internal.Invoker.invokeConfigurationMethod(Invoker.java:564)
	at org.testng.internal.Invoker.invokeConfigurations(Invoker.java:213)
	at org.testng.internal.Invoker.invokeConfigurations(Invoker.java:138)
	at org.testng.internal.TestMethodWorker.invokeBeforeClassMethods(TestMethodWorker.java:175)
	at org.testng.internal.TestMethodWorker.run(TestMethodWorker.java:107)
	at org.testng.TestRunner.privateRun(TestRunner.java:767)
	at org.testng.TestRunner.run(TestRunner.java:617)
	at org.testng.SuiteRunner.runTest(SuiteRunner.java:334)
	at org.testng.SuiteRunner.runSequentially(SuiteRunner.java:329)
	at org.testng.SuiteRunner.privateRun(SuiteRunner.java:291)
	at org.testng.SuiteRunner.run(SuiteRunner.java:240)
	at org.testng.SuiteRunnerWorker.runSuite(SuiteRunnerWorker.java:52)
	at org.testng.SuiteRunnerWorker.run(SuiteRunnerWorker.java:86)
	at org.testng.TestNG.runSuitesSequentially(TestNG.java:1198)
	at org.testng.TestNG.runSuitesLocally(TestNG.java:1123)
	at org.testng.TestNG.run(TestNG.java:1031)
	at org.testng.remote.RemoteTestNG.run(RemoteTestNG.java:111)
	at org.testng.remote.RemoteTestNG.initAndRun(RemoteTestNG.java:204)
	at org.testng.remote.RemoteTestNG.main(RemoteTestNG.java:175)
]]>
            </full-stacktrace>
          </exception> <!-- org.openqa.selenium.WebDriverException -->
          <reporter-output>
          </reporter-output>
        </test-method> <!-- setUp -->
        <test-method status="SKIP" signature="beforeMethod(java.lang.reflect.Method)[pri:0, instance:com.test.automation.uiAutomation.homepage.TC002_VerifyRegistration@481a15ff]" name="beforeMethod" is-config="true" duration-ms="0" started-at="2017-12-15T22:59:16Z" finished-at="2017-12-15T22:59:16Z">
          <reporter-output>
          </reporter-output>
        </test-method> <!-- beforeMethod -->
        <test-method status="SKIP" signature="verifyRegistration()[pri:0, instance:com.test.automation.uiAutomation.homepage.TC002_VerifyRegistration@481a15ff]" name="verifyRegistration" duration-ms="2" started-at="2017-12-15T22:59:16Z" finished-at="2017-12-15T22:59:16Z">
          <reporter-output>
          </reporter-output>
        </test-method> <!-- verifyRegistration -->
        <test-method status="SKIP" signature="afterMethod(org.testng.ITestResult)[pri:0, instance:com.test.automation.uiAutomation.homepage.TC002_VerifyRegistration@481a15ff]" name="afterMethod" is-config="true" duration-ms="0" started-at="2017-12-15T22:59:16Z" finished-at="2017-12-15T22:59:16Z">
          <reporter-output>
          </reporter-output>
        </test-method> <!-- afterMethod -->
        <test-method status="PASS" signature="endTest()[pri:0, instance:com.test.automation.uiAutomation.homepage.TC002_VerifyRegistration@481a15ff]" name="endTest" is-config="true" duration-ms="1" started-at="2017-12-15T22:59:16Z" finished-at="2017-12-15T22:59:16Z">
          <reporter-output>
          </reporter-output>
        </test-method> <!-- endTest -->
      </class> <!-- com.test.automation.uiAutomation.homepage.TC002_VerifyRegistration -->
      <class name="com.test.automation.uiAutomation.addToCart.TC002_VerifyFacebookLink">
        <test-method status="SKIP" signature="setUp()[pri:0, instance:com.test.automation.uiAutomation.addToCart.TC002_VerifyFacebookLink@fcd6521]" name="setUp" is-config="true" duration-ms="0" started-at="2017-12-15T22:59:17Z" finished-at="2017-12-15T22:59:17Z">
          <reporter-output>
          </reporter-output>
        </test-method> <!-- setUp -->
        <test-method status="SKIP" signature="beforeMethod(java.lang.reflect.Method)[pri:0, instance:com.test.automation.uiAutomation.addToCart.TC002_VerifyFacebookLink@fcd6521]" name="beforeMethod" is-config="true" duration-ms="0" started-at="2017-12-15T22:59:17Z" finished-at="2017-12-15T22:59:17Z">
          <reporter-output>
          </reporter-output>
        </test-method> <!-- beforeMethod -->
        <test-method status="SKIP" signature="verifyFacebookLink()[pri:0, instance:com.test.automation.uiAutomation.addToCart.TC002_VerifyFacebookLink@fcd6521]" name="verifyFacebookLink" duration-ms="15" started-at="2017-12-15T22:59:17Z" finished-at="2017-12-15T22:59:17Z">
          <reporter-output>
          </reporter-output>
        </test-method> <!-- verifyFacebookLink -->
        <test-method status="SKIP" signature="afterMethod(org.testng.ITestResult)[pri:0, instance:com.test.automation.uiAutomation.addToCart.TC002_VerifyFacebookLink@fcd6521]" name="afterMethod" is-config="true" duration-ms="0" started-at="2017-12-15T22:59:17Z" finished-at="2017-12-15T22:59:17Z">
          <reporter-output>
          </reporter-output>
        </test-method> <!-- afterMethod -->
        <test-method status="PASS" signature="endTest()[pri:0, instance:com.test.automation.uiAutomation.addToCart.TC002_VerifyFacebookLink@fcd6521]" name="endTest" is-config="true" duration-ms="0" started-at="2017-12-15T22:59:17Z" finished-at="2017-12-15T22:59:17Z">
          <reporter-output>
          </reporter-output>
        </test-method> <!-- endTest -->
      </class> <!-- com.test.automation.uiAutomation.addToCart.TC002_VerifyFacebookLink -->
    </test> <!-- HomePageTest -->
    <test name="AddToCartTest" duration-ms="5241" started-at="2017-12-15T17:29:17Z" finished-at="2017-12-15T17:29:22Z">
      <class name="com.test.automation.uiAutomation.addToCart.TC001_VerifyAaddToCart">
        <test-method status="FAIL" signature="setUp()[pri:0, instance:com.test.automation.uiAutomation.addToCart.TC001_VerifyAaddToCart@4ae82894]" name="setUp" is-config="true" duration-ms="0" started-at="2017-12-15T22:59:17Z" finished-at="2017-12-15T22:59:17Z">
          <exception class="org.openqa.selenium.WebDriverException">
            <message>
              <![CDATA[unknown error: cannot get automation extension
from chrome not reachable
  (Session info: chrome=63.0.3239.84)
  (Driver info: chromedriver=2.28.455520 (cc17746adff54984afff480136733114c6b3704b),platform=Windows NT 6.3.9600 x86_64) (WARNING: The server did not provide any stacktrace information)
Command duration or timeout: 2.40 seconds
Build info: version: '3.0.1', revision: '1969d75', time: '2016-10-18 09:49:13 -0700'
System info: host: 'PradeepVK', ip: '192.168.0.102', os.name: 'Windows 8.1', os.arch: 'amd64', os.version: '6.3', java.version: '1.8.0_73'
Driver info: org.openqa.selenium.chrome.ChromeDriver
Capabilities [{applicationCacheEnabled=false, rotatable=false, mobileEmulationEnabled=false, networkConnectionEnabled=false, chrome={chromedriverVersion=2.28.455520 (cc17746adff54984afff480136733114c6b3704b), userDataDir=C:\Windows\TEMP\scoped_dir6116_12937}, takesHeapSnapshot=true, pageLoadStrategy=normal, databaseEnabled=false, handlesAlerts=true, hasTouchScreen=false, version=63.0.3239.84, platform=WIN8_1, browserConnectionEnabled=false, nativeEvents=true, acceptSslCerts=true, locationContextEnabled=true, webStorageEnabled=true, browserName=chrome, takesScreenshot=true, javascriptEnabled=true, cssSelectorsEnabled=true, unexpectedAlertBehaviour=}]
Session ID: c67039cbe114be624949a68ec192c6b9]]>
            </message>
            <full-stacktrace>
              <![CDATA[org.openqa.selenium.WebDriverException: unknown error: cannot get automation extension
from chrome not reachable
  (Session info: chrome=63.0.3239.84)
  (Driver info: chromedriver=2.28.455520 (cc17746adff54984afff480136733114c6b3704b),platform=Windows NT 6.3.9600 x86_64) (WARNING: The server did not provide any stacktrace information)
Command duration or timeout: 2.40 seconds
Build info: version: '3.0.1', revision: '1969d75', time: '2016-10-18 09:49:13 -0700'
System info: host: 'PradeepVK', ip: '192.168.0.102', os.name: 'Windows 8.1', os.arch: 'amd64', os.version: '6.3', java.version: '1.8.0_73'
Driver info: org.openqa.selenium.chrome.ChromeDriver
Capabilities [{applicationCacheEnabled=false, rotatable=false, mobileEmulationEnabled=false, networkConnectionEnabled=false, chrome={chromedriverVersion=2.28.455520 (cc17746adff54984afff480136733114c6b3704b), userDataDir=C:\Windows\TEMP\scoped_dir6116_12937}, takesHeapSnapshot=true, pageLoadStrategy=normal, databaseEnabled=false, handlesAlerts=true, hasTouchScreen=false, version=63.0.3239.84, platform=WIN8_1, browserConnectionEnabled=false, nativeEvents=true, acceptSslCerts=true, locationContextEnabled=true, webStorageEnabled=true, browserName=chrome, takesScreenshot=true, javascriptEnabled=true, cssSelectorsEnabled=true, unexpectedAlertBehaviour=}]
Session ID: c67039cbe114be624949a68ec192c6b9
	at sun.reflect.NativeConstructorAccessorImpl.newInstance0(Native Method)
	at sun.reflect.NativeConstructorAccessorImpl.newInstance(Unknown Source)
	at sun.reflect.DelegatingConstructorAccessorImpl.newInstance(Unknown Source)
	at java.lang.reflect.Constructor.newInstance(Unknown Source)
	at org.openqa.selenium.remote.ErrorHandler.createThrowable(ErrorHandler.java:216)
	at org.openqa.selenium.remote.ErrorHandler.throwIfResponseFailed(ErrorHandler.java:168)
	at org.openqa.selenium.remote.RemoteWebDriver.execute(RemoteWebDriver.java:635)
	at org.openqa.selenium.remote.RemoteWebDriver.execute(RemoteWebDriver.java:658)
	at org.openqa.selenium.remote.RemoteWebDriver$RemoteWebDriverOptions$RemoteWindow.maximize(RemoteWebDriver.java:882)
	at com.test.automation.uiAutomation.testBase.TestBase.getUrl(TestBase.java:136)
	at com.test.automation.uiAutomation.testBase.TestBase.init(TestBase.java:91)
	at com.test.automation.uiAutomation.addToCart.TC001_VerifyAaddToCart.setUp(TC001_VerifyAaddToCart.java:19)
	at sun.reflect.NativeMethodAccessorImpl.invoke0(Native Method)
	at sun.reflect.NativeMethodAccessorImpl.invoke(Unknown Source)
	at sun.reflect.DelegatingMethodAccessorImpl.invoke(Unknown Source)
	at java.lang.reflect.Method.invoke(Unknown Source)
	at org.testng.internal.MethodInvocationHelper.invokeMethod(MethodInvocationHelper.java:80)
	at org.testng.internal.Invoker.invokeConfigurationMethod(Invoker.java:564)
	at org.testng.internal.Invoker.invokeConfigurations(Invoker.java:213)
	at org.testng.internal.Invoker.invokeConfigurations(Invoker.java:138)
	at org.testng.internal.TestMethodWorker.invokeBeforeClassMethods(TestMethodWorker.java:175)
	at org.testng.internal.TestMethodWorker.run(TestMethodWorker.java:107)
	at org.testng.TestRunner.privateRun(TestRunner.java:767)
	at org.testng.TestRunner.run(TestRunner.java:617)
	at org.testng.SuiteRunner.runTest(SuiteRunner.java:334)
	at org.testng.SuiteRunner.runSequentially(SuiteRunner.java:329)
	at org.testng.SuiteRunner.privateRun(SuiteRunner.java:291)
	at org.testng.SuiteRunner.run(SuiteRunner.java:240)
	at org.testng.SuiteRunnerWorker.runSuite(SuiteRunnerWorker.java:52)
	at org.testng.SuiteRunnerWorker.run(SuiteRunnerWorker.java:86)
	at org.testng.TestNG.runSuitesSequentially(TestNG.java:1198)
	at org.testng.TestNG.runSuitesLocally(TestNG.java:1123)
	at org.testng.TestNG.run(TestNG.java:1031)
	at org.testng.remote.RemoteTestNG.run(RemoteTestNG.java:111)
	at org.testng.remote.RemoteTestNG.initAndRun(RemoteTestNG.java:204)
	at org.testng.remote.RemoteTestNG.main(RemoteTestNG.java:175)
]]>
            </full-stacktrace>
          </exception> <!-- org.openqa.selenium.WebDriverException -->
          <reporter-output>
          </reporter-output>
        </test-method> <!-- setUp -->
        <test-method status="SKIP" signature="afterMethod(org.testng.ITestResult)[pri:0, instance:com.test.automation.uiAutomation.addToCart.TC001_VerifyAaddToCart@4ae82894]" name="afterMethod" is-config="true" duration-ms="0" started-at="2017-12-15T22:59:22Z" finished-at="2017-12-15T22:59:22Z">
          <reporter-output>
          </reporter-output>
        </test-method> <!-- afterMethod -->
        <test-method status="SKIP" signature="verifyAaddToCart()[pri:0, instance:com.test.automation.uiAutomation.addToCart.TC001_VerifyAaddToCart@4ae82894]" name="verifyAaddToCart" duration-ms="0" started-at="2017-12-15T22:59:22Z" finished-at="2017-12-15T22:59:22Z">
          <reporter-output>
          </reporter-output>
        </test-method> <!-- verifyAaddToCart -->
        <test-method status="SKIP" signature="beforeMethod(java.lang.reflect.Method)[pri:0, instance:com.test.automation.uiAutomation.addToCart.TC001_VerifyAaddToCart@4ae82894]" name="beforeMethod" is-config="true" duration-ms="0" started-at="2017-12-15T22:59:22Z" finished-at="2017-12-15T22:59:22Z">
          <reporter-output>
          </reporter-output>
        </test-method> <!-- beforeMethod -->
        <test-method status="PASS" signature="endTest()[pri:0, instance:com.test.automation.uiAutomation.addToCart.TC001_VerifyAaddToCart@4ae82894]" name="endTest" is-config="true" duration-ms="0" started-at="2017-12-15T22:59:22Z" finished-at="2017-12-15T22:59:22Z">
          <reporter-output>
          </reporter-output>
        </test-method> <!-- endTest -->
      </class> <!-- com.test.automation.uiAutomation.addToCart.TC001_VerifyAaddToCart -->
      <class name="com.test.automation.uiAutomation.addToCart.TC002_VerifyFacebookLink">
        <test-method status="SKIP" signature="setUp()[pri:0, instance:com.test.automation.uiAutomation.addToCart.TC002_VerifyFacebookLink@4516af24]" name="setUp" is-config="true" duration-ms="0" started-at="2017-12-15T22:59:22Z" finished-at="2017-12-15T22:59:22Z">
          <reporter-output>
          </reporter-output>
        </test-method> <!-- setUp -->
        <test-method status="SKIP" signature="verifyFacebookLink()[pri:0, instance:com.test.automation.uiAutomation.addToCart.TC002_VerifyFacebookLink@4516af24]" name="verifyFacebookLink" duration-ms="0" started-at="2017-12-15T22:59:22Z" finished-at="2017-12-15T22:59:22Z">
          <reporter-output>
          </reporter-output>
        </test-method> <!-- verifyFacebookLink -->
        <test-method status="SKIP" signature="afterMethod(org.testng.ITestResult)[pri:0, instance:com.test.automation.uiAutomation.addToCart.TC002_VerifyFacebookLink@4516af24]" name="afterMethod" is-config="true" duration-ms="0" started-at="2017-12-15T22:59:22Z" finished-at="2017-12-15T22:59:22Z">
          <reporter-output>
          </reporter-output>
        </test-method> <!-- afterMethod -->
        <test-method status="SKIP" signature="beforeMethod(java.lang.reflect.Method)[pri:0, instance:com.test.automation.uiAutomation.addToCart.TC002_VerifyFacebookLink@4516af24]" name="beforeMethod" is-config="true" duration-ms="0" started-at="2017-12-15T22:59:22Z" finished-at="2017-12-15T22:59:22Z">
          <reporter-output>
          </reporter-output>
        </test-method> <!-- beforeMethod -->
        <test-method status="PASS" signature="endTest()[pri:0, instance:com.test.automation.uiAutomation.addToCart.TC002_VerifyFacebookLink@4516af24]" name="endTest" is-config="true" duration-ms="0" started-at="2017-12-15T22:59:22Z" finished-at="2017-12-15T22:59:22Z">
          <reporter-output>
          </reporter-output>
        </test-method> <!-- endTest -->
      </class> <!-- com.test.automation.uiAutomation.addToCart.TC002_VerifyFacebookLink -->
    </test> <!-- AddToCartTest -->
  </suite> <!-- Regression Suite -->
</testng-results>
